{"C:\\Users\\anton.markov\\Documents\\JS\\Projects\\RSS_REACT2024Q3\\class-components\\src\\components\\ButtonsBlock.tsx": {"path":"C:\\Users\\anton.markov\\Documents\\JS\\Projects\\RSS_REACT2024Q3\\class-components\\src\\components\\ButtonsBlock.tsx","all":false,"statementMap":{"0":{"start":{"line":1,"column":0},"end":{"line":1,"column":56}},"1":{"start":{"line":2,"column":0},"end":{"line":2,"column":40}},"2":{"start":{"line":3,"column":0},"end":{"line":3,"column":42}},"4":{"start":{"line":5,"column":0},"end":{"line":5,"column":46}},"5":{"start":{"line":6,"column":0},"end":{"line":6,"column":74}},"7":{"start":{"line":8,"column":0},"end":{"line":8,"column":62}},"8":{"start":{"line":9,"column":0},"end":{"line":9,"column":41}},"9":{"start":{"line":10,"column":0},"end":{"line":10,"column":29}},"10":{"start":{"line":11,"column":0},"end":{"line":11,"column":67}},"11":{"start":{"line":12,"column":0},"end":{"line":12,"column":33}},"13":{"start":{"line":14,"column":0},"end":{"line":14,"column":34}},"14":{"start":{"line":15,"column":0},"end":{"line":15,"column":37}},"15":{"start":{"line":16,"column":0},"end":{"line":16,"column":36}},"16":{"start":{"line":17,"column":0},"end":{"line":17,"column":37}},"17":{"start":{"line":18,"column":0},"end":{"line":18,"column":30}},"18":{"start":{"line":19,"column":0},"end":{"line":19,"column":56}},"19":{"start":{"line":20,"column":0},"end":{"line":20,"column":37}},"20":{"start":{"line":21,"column":0},"end":{"line":21,"column":4}},"22":{"start":{"line":23,"column":0},"end":{"line":23,"column":34}},"23":{"start":{"line":24,"column":0},"end":{"line":24,"column":37}},"24":{"start":{"line":25,"column":0},"end":{"line":25,"column":36}},"25":{"start":{"line":26,"column":0},"end":{"line":26,"column":37}},"26":{"start":{"line":27,"column":0},"end":{"line":27,"column":21}},"27":{"start":{"line":28,"column":0},"end":{"line":28,"column":56}},"28":{"start":{"line":29,"column":0},"end":{"line":29,"column":37}},"29":{"start":{"line":30,"column":0},"end":{"line":30,"column":4}},"30":{"start":{"line":31,"column":0},"end":{"line":31,"column":10}},"31":{"start":{"line":32,"column":0},"end":{"line":32,"column":63}},"32":{"start":{"line":33,"column":0},"end":{"line":33,"column":13}},"33":{"start":{"line":34,"column":0},"end":{"line":34,"column":21}},"34":{"start":{"line":35,"column":0},"end":{"line":35,"column":29}},"35":{"start":{"line":36,"column":0},"end":{"line":36,"column":28}},"36":{"start":{"line":37,"column":0},"end":{"line":37,"column":37}},"37":{"start":{"line":38,"column":0},"end":{"line":38,"column":33}},"38":{"start":{"line":39,"column":0},"end":{"line":39,"column":7}},"40":{"start":{"line":41,"column":0},"end":{"line":41,"column":15}},"41":{"start":{"line":42,"column":0},"end":{"line":42,"column":13}},"42":{"start":{"line":43,"column":0},"end":{"line":43,"column":21}},"43":{"start":{"line":44,"column":0},"end":{"line":44,"column":24}},"44":{"start":{"line":45,"column":0},"end":{"line":45,"column":28}},"45":{"start":{"line":46,"column":0},"end":{"line":46,"column":37}},"46":{"start":{"line":47,"column":0},"end":{"line":47,"column":33}},"47":{"start":{"line":48,"column":0},"end":{"line":48,"column":7}},"49":{"start":{"line":50,"column":0},"end":{"line":50,"column":15}},"50":{"start":{"line":51,"column":0},"end":{"line":51,"column":10}},"52":{"start":{"line":53,"column":0},"end":{"line":53,"column":1}},"54":{"start":{"line":55,"column":0},"end":{"line":55,"column":28}}},"s":{"0":1,"1":1,"2":1,"4":1,"5":1,"7":12,"8":12,"9":12,"10":12,"11":12,"13":12,"14":1,"15":1,"16":1,"17":1,"18":1,"19":1,"20":1,"22":12,"23":1,"24":1,"25":1,"26":1,"27":1,"28":1,"29":1,"30":12,"31":12,"32":12,"33":12,"34":12,"35":12,"36":12,"37":12,"38":12,"40":12,"41":12,"42":12,"43":12,"44":12,"45":12,"46":12,"47":12,"49":12,"50":12,"52":12,"54":1},"branchMap":{"0":{"type":"branch","line":8,"loc":{"start":{"line":8,"column":0},"end":{"line":53,"column":1}},"locations":[{"start":{"line":8,"column":0},"end":{"line":53,"column":1}}]},"1":{"type":"branch","line":38,"loc":{"start":{"line":38,"column":20},"end":{"line":38,"column":33}},"locations":[{"start":{"line":38,"column":20},"end":{"line":38,"column":33}}]},"2":{"type":"branch","line":47,"loc":{"start":{"line":47,"column":20},"end":{"line":47,"column":33}},"locations":[{"start":{"line":47,"column":20},"end":{"line":47,"column":33}}]},"3":{"type":"branch","line":14,"loc":{"start":{"line":14,"column":21},"end":{"line":21,"column":4}},"locations":[{"start":{"line":14,"column":21},"end":{"line":21,"column":4}}]},"4":{"type":"branch","line":23,"loc":{"start":{"line":23,"column":21},"end":{"line":30,"column":4}},"locations":[{"start":{"line":23,"column":21},"end":{"line":30,"column":4}}]}},"b":{"0":[12],"1":[2],"2":[2],"3":[1],"4":[1]},"fnMap":{"0":{"name":"ButtonsBlock","decl":{"start":{"line":8,"column":0},"end":{"line":53,"column":1}},"loc":{"start":{"line":8,"column":0},"end":{"line":53,"column":1}},"line":8},"1":{"name":"handleNext","decl":{"start":{"line":14,"column":21},"end":{"line":21,"column":4}},"loc":{"start":{"line":14,"column":21},"end":{"line":21,"column":4}},"line":14},"2":{"name":"handlePrev","decl":{"start":{"line":23,"column":21},"end":{"line":30,"column":4}},"loc":{"start":{"line":23,"column":21},"end":{"line":30,"column":4}},"line":23}},"f":{"0":12,"1":1,"2":1}}
,"C:\\Users\\anton.markov\\Documents\\JS\\Projects\\RSS_REACT2024Q3\\class-components\\src\\components\\Card.tsx": {"path":"C:\\Users\\anton.markov\\Documents\\JS\\Projects\\RSS_REACT2024Q3\\class-components\\src\\components\\Card.tsx","all":false,"statementMap":{"0":{"start":{"line":1,"column":0},"end":{"line":1,"column":54}},"1":{"start":{"line":2,"column":0},"end":{"line":2,"column":40}},"2":{"start":{"line":3,"column":0},"end":{"line":3,"column":55}},"8":{"start":{"line":9,"column":0},"end":{"line":9,"column":38}},"9":{"start":{"line":10,"column":0},"end":{"line":10,"column":46}},"10":{"start":{"line":11,"column":0},"end":{"line":11,"column":42}},"11":{"start":{"line":12,"column":0},"end":{"line":12,"column":73}},"13":{"start":{"line":14,"column":0},"end":{"line":14,"column":38}},"14":{"start":{"line":15,"column":0},"end":{"line":15,"column":49}},"15":{"start":{"line":16,"column":0},"end":{"line":16,"column":74}},"16":{"start":{"line":17,"column":0},"end":{"line":17,"column":1}},"18":{"start":{"line":19,"column":0},"end":{"line":19,"column":15}},"19":{"start":{"line":20,"column":0},"end":{"line":20,"column":7}},"20":{"start":{"line":21,"column":0},"end":{"line":21,"column":11}},"21":{"start":{"line":22,"column":0},"end":{"line":22,"column":4}},"24":{"start":{"line":25,"column":0},"end":{"line":25,"column":15}},"25":{"start":{"line":26,"column":0},"end":{"line":26,"column":52}},"26":{"start":{"line":27,"column":0},"end":{"line":27,"column":68}},"27":{"start":{"line":28,"column":0},"end":{"line":28,"column":33}},"28":{"start":{"line":29,"column":0},"end":{"line":29,"column":29}},"29":{"start":{"line":30,"column":0},"end":{"line":30,"column":51}},"30":{"start":{"line":31,"column":0},"end":{"line":31,"column":50}},"31":{"start":{"line":32,"column":0},"end":{"line":32,"column":41}},"33":{"start":{"line":34,"column":0},"end":{"line":34,"column":23}},"34":{"start":{"line":35,"column":0},"end":{"line":35,"column":52}},"35":{"start":{"line":36,"column":0},"end":{"line":36,"column":15}},"36":{"start":{"line":37,"column":0},"end":{"line":37,"column":8}},"37":{"start":{"line":38,"column":0},"end":{"line":38,"column":33}},"38":{"start":{"line":39,"column":0},"end":{"line":39,"column":75}},"39":{"start":{"line":40,"column":0},"end":{"line":40,"column":49}},"40":{"start":{"line":41,"column":0},"end":{"line":41,"column":40}},"41":{"start":{"line":42,"column":0},"end":{"line":42,"column":74}},"42":{"start":{"line":43,"column":0},"end":{"line":43,"column":22}},"43":{"start":{"line":44,"column":0},"end":{"line":44,"column":9}},"44":{"start":{"line":45,"column":0},"end":{"line":45,"column":5}},"45":{"start":{"line":46,"column":0},"end":{"line":46,"column":4}},"47":{"start":{"line":48,"column":0},"end":{"line":48,"column":26}},"48":{"start":{"line":49,"column":0},"end":{"line":49,"column":20}},"49":{"start":{"line":50,"column":0},"end":{"line":50,"column":33}},"50":{"start":{"line":51,"column":0},"end":{"line":51,"column":12}},"51":{"start":{"line":52,"column":0},"end":{"line":52,"column":30}},"52":{"start":{"line":53,"column":0},"end":{"line":53,"column":5}},"53":{"start":{"line":54,"column":0},"end":{"line":54,"column":4}},"55":{"start":{"line":56,"column":0},"end":{"line":56,"column":10}},"56":{"start":{"line":57,"column":0},"end":{"line":57,"column":8}},"57":{"start":{"line":58,"column":0},"end":{"line":58,"column":47}},"58":{"start":{"line":59,"column":0},"end":{"line":59,"column":22}},"59":{"start":{"line":60,"column":0},"end":{"line":60,"column":24}},"60":{"start":{"line":61,"column":0},"end":{"line":61,"column":31}},"62":{"start":{"line":63,"column":0},"end":{"line":63,"column":35}},"63":{"start":{"line":64,"column":0},"end":{"line":64,"column":13}},"64":{"start":{"line":65,"column":0},"end":{"line":65,"column":32}},"65":{"start":{"line":66,"column":0},"end":{"line":66,"column":35}},"66":{"start":{"line":67,"column":0},"end":{"line":67,"column":47}},"67":{"start":{"line":68,"column":0},"end":{"line":68,"column":43}},"68":{"start":{"line":69,"column":0},"end":{"line":69,"column":11}},"69":{"start":{"line":70,"column":0},"end":{"line":70,"column":9}},"70":{"start":{"line":71,"column":0},"end":{"line":71,"column":13}},"71":{"start":{"line":72,"column":0},"end":{"line":72,"column":32}},"72":{"start":{"line":73,"column":0},"end":{"line":73,"column":35}},"73":{"start":{"line":74,"column":0},"end":{"line":74,"column":47}},"74":{"start":{"line":75,"column":0},"end":{"line":75,"column":43}},"75":{"start":{"line":76,"column":0},"end":{"line":76,"column":10}},"76":{"start":{"line":77,"column":0},"end":{"line":77,"column":9}},"77":{"start":{"line":78,"column":0},"end":{"line":78,"column":13}},"78":{"start":{"line":79,"column":0},"end":{"line":79,"column":32}},"79":{"start":{"line":80,"column":0},"end":{"line":80,"column":35}},"80":{"start":{"line":81,"column":0},"end":{"line":81,"column":47}},"81":{"start":{"line":82,"column":0},"end":{"line":82,"column":43}},"82":{"start":{"line":83,"column":0},"end":{"line":83,"column":10}},"83":{"start":{"line":84,"column":0},"end":{"line":84,"column":9}},"84":{"start":{"line":85,"column":0},"end":{"line":85,"column":13}},"85":{"start":{"line":86,"column":0},"end":{"line":86,"column":32}},"86":{"start":{"line":87,"column":0},"end":{"line":87,"column":35}},"87":{"start":{"line":88,"column":0},"end":{"line":88,"column":47}},"88":{"start":{"line":89,"column":0},"end":{"line":89,"column":43}},"89":{"start":{"line":90,"column":0},"end":{"line":90,"column":10}},"90":{"start":{"line":91,"column":0},"end":{"line":91,"column":20}},"91":{"start":{"line":92,"column":0},"end":{"line":92,"column":11}},"92":{"start":{"line":93,"column":0},"end":{"line":93,"column":15}},"93":{"start":{"line":94,"column":0},"end":{"line":94,"column":34}},"94":{"start":{"line":95,"column":0},"end":{"line":95,"column":37}},"95":{"start":{"line":96,"column":0},"end":{"line":96,"column":49}},"96":{"start":{"line":97,"column":0},"end":{"line":97,"column":45}},"97":{"start":{"line":98,"column":0},"end":{"line":98,"column":12}},"99":{"start":{"line":100,"column":0},"end":{"line":100,"column":12}},"100":{"start":{"line":101,"column":0},"end":{"line":101,"column":33}},"101":{"start":{"line":102,"column":0},"end":{"line":102,"column":56}},"102":{"start":{"line":103,"column":0},"end":{"line":103,"column":22}},"103":{"start":{"line":104,"column":0},"end":{"line":104,"column":33}},"104":{"start":{"line":105,"column":0},"end":{"line":105,"column":7}},"106":{"start":{"line":107,"column":0},"end":{"line":107,"column":14}},"107":{"start":{"line":108,"column":0},"end":{"line":108,"column":25}},"108":{"start":{"line":109,"column":0},"end":{"line":109,"column":53}},"109":{"start":{"line":110,"column":0},"end":{"line":110,"column":29}},"110":{"start":{"line":111,"column":0},"end":{"line":111,"column":29}},"111":{"start":{"line":112,"column":0},"end":{"line":112,"column":37}},"112":{"start":{"line":113,"column":0},"end":{"line":113,"column":10}},"113":{"start":{"line":114,"column":0},"end":{"line":114,"column":14}},"114":{"start":{"line":115,"column":0},"end":{"line":115,"column":10}},"116":{"start":{"line":117,"column":0},"end":{"line":117,"column":1}},"118":{"start":{"line":119,"column":0},"end":{"line":119,"column":20}}},"s":{"0":1,"1":1,"2":1,"8":1,"9":1,"10":1,"11":1,"13":330,"14":330,"15":330,"16":330,"18":66,"19":66,"20":66,"21":66,"24":66,"25":66,"26":66,"27":66,"28":66,"29":66,"30":66,"31":66,"33":66,"34":2,"35":2,"36":2,"37":2,"38":2,"39":0,"40":0,"41":0,"42":0,"43":0,"44":0,"45":2,"47":66,"48":2,"49":1,"50":1,"51":1,"52":1,"53":2,"55":66,"56":66,"57":66,"58":66,"59":66,"60":66,"62":66,"63":66,"64":66,"65":66,"66":66,"67":66,"68":66,"69":66,"70":66,"71":66,"72":66,"73":66,"74":66,"75":66,"76":66,"77":66,"78":66,"79":66,"80":66,"81":66,"82":66,"83":66,"84":66,"85":66,"86":66,"87":66,"88":66,"89":66,"90":66,"91":66,"92":66,"93":66,"94":66,"95":66,"96":66,"97":66,"99":66,"100":66,"101":66,"102":66,"103":66,"104":66,"106":66,"107":66,"108":66,"109":66,"110":66,"111":66,"112":66,"113":66,"114":66,"116":66,"118":1},"branchMap":{"0":{"type":"branch","line":14,"loc":{"start":{"line":14,"column":0},"end":{"line":17,"column":1}},"locations":[{"start":{"line":14,"column":0},"end":{"line":17,"column":1}}]},"1":{"type":"branch","line":19,"loc":{"start":{"line":19,"column":0},"end":{"line":117,"column":1}},"locations":[{"start":{"line":19,"column":0},"end":{"line":117,"column":1}}]},"2":{"type":"branch","line":61,"loc":{"start":{"line":61,"column":18},"end":{"line":61,"column":31}},"locations":[{"start":{"line":61,"column":18},"end":{"line":61,"column":31}}]},"3":{"type":"branch","line":66,"loc":{"start":{"line":66,"column":22},"end":{"line":66,"column":35}},"locations":[{"start":{"line":66,"column":22},"end":{"line":66,"column":35}}]},"4":{"type":"branch","line":73,"loc":{"start":{"line":73,"column":22},"end":{"line":73,"column":35}},"locations":[{"start":{"line":73,"column":22},"end":{"line":73,"column":35}}]},"5":{"type":"branch","line":80,"loc":{"start":{"line":80,"column":22},"end":{"line":80,"column":35}},"locations":[{"start":{"line":80,"column":22},"end":{"line":80,"column":35}}]},"6":{"type":"branch","line":87,"loc":{"start":{"line":87,"column":22},"end":{"line":87,"column":35}},"locations":[{"start":{"line":87,"column":22},"end":{"line":87,"column":35}}]},"7":{"type":"branch","line":95,"loc":{"start":{"line":95,"column":24},"end":{"line":95,"column":37}},"locations":[{"start":{"line":95,"column":24},"end":{"line":95,"column":37}}]},"8":{"type":"branch","line":104,"loc":{"start":{"line":104,"column":20},"end":{"line":104,"column":33}},"locations":[{"start":{"line":104,"column":20},"end":{"line":104,"column":33}}]},"9":{"type":"branch","line":27,"loc":{"start":{"line":27,"column":41},"end":{"line":27,"column":66}},"locations":[{"start":{"line":27,"column":41},"end":{"line":27,"column":66}}]},"10":{"type":"branch","line":34,"loc":{"start":{"line":34,"column":22},"end":{"line":46,"column":4}},"locations":[{"start":{"line":34,"column":22},"end":{"line":46,"column":4}}]},"11":{"type":"branch","line":39,"loc":{"start":{"line":39,"column":74},"end":{"line":45,"column":5}},"locations":[{"start":{"line":39,"column":74},"end":{"line":45,"column":5}}]},"12":{"type":"branch","line":48,"loc":{"start":{"line":48,"column":19},"end":{"line":54,"column":4}},"locations":[{"start":{"line":48,"column":19},"end":{"line":54,"column":4}}]},"13":{"type":"branch","line":49,"loc":{"start":{"line":49,"column":19},"end":{"line":53,"column":5}},"locations":[{"start":{"line":49,"column":19},"end":{"line":53,"column":5}}]},"14":{"type":"branch","line":58,"loc":{"start":{"line":58,"column":15},"end":{"line":58,"column":47}},"locations":[{"start":{"line":58,"column":15},"end":{"line":58,"column":47}}]}},"b":{"0":[330],"1":[66],"2":[20],"3":[20],"4":[20],"5":[20],"6":[20],"7":[20],"8":[20],"9":[2],"10":[2],"11":[0],"12":[2],"13":[1],"14":[2]},"fnMap":{"0":{"name":"prepareFiled","decl":{"start":{"line":14,"column":0},"end":{"line":17,"column":1}},"loc":{"start":{"line":14,"column":0},"end":{"line":17,"column":1}},"line":14},"1":{"name":"Card","decl":{"start":{"line":19,"column":0},"end":{"line":117,"column":1}},"loc":{"start":{"line":19,"column":0},"end":{"line":117,"column":1}},"line":19},"2":{"name":"handleClick","decl":{"start":{"line":34,"column":22},"end":{"line":46,"column":4}},"loc":{"start":{"line":34,"column":22},"end":{"line":46,"column":4}},"line":34},"3":{"name":"onChange","decl":{"start":{"line":48,"column":19},"end":{"line":54,"column":4}},"loc":{"start":{"line":48,"column":19},"end":{"line":54,"column":4}},"line":48},"4":{"name":"onClick","decl":{"start":{"line":58,"column":15},"end":{"line":58,"column":47}},"loc":{"start":{"line":58,"column":15},"end":{"line":58,"column":47}},"line":58}},"f":{"0":330,"1":66,"2":2,"3":2,"4":2}}
,"C:\\Users\\anton.markov\\Documents\\JS\\Projects\\RSS_REACT2024Q3\\class-components\\src\\components\\Error.tsx": {"path":"C:\\Users\\anton.markov\\Documents\\JS\\Projects\\RSS_REACT2024Q3\\class-components\\src\\components\\Error.tsx","all":false,"statementMap":{"0":{"start":{"line":1,"column":0},"end":{"line":1,"column":45}},"3":{"start":{"line":4,"column":0},"end":{"line":4,"column":19}},"4":{"start":{"line":5,"column":0},"end":{"line":5,"column":27}},"5":{"start":{"line":6,"column":0},"end":{"line":6,"column":1}},"7":{"start":{"line":8,"column":0},"end":{"line":8,"column":79}},"8":{"start":{"line":9,"column":0},"end":{"line":9,"column":42}},"9":{"start":{"line":10,"column":0},"end":{"line":10,"column":17}},"10":{"start":{"line":11,"column":0},"end":{"line":11,"column":34}},"11":{"start":{"line":12,"column":0},"end":{"line":12,"column":39}},"12":{"start":{"line":13,"column":0},"end":{"line":13,"column":3}},"14":{"start":{"line":15,"column":0},"end":{"line":15,"column":37}},"15":{"start":{"line":16,"column":0},"end":{"line":16,"column":27}},"16":{"start":{"line":17,"column":0},"end":{"line":17,"column":3}},"18":{"start":{"line":19,"column":0},"end":{"line":19,"column":11}},"19":{"start":{"line":20,"column":0},"end":{"line":20,"column":40}},"20":{"start":{"line":21,"column":0},"end":{"line":21,"column":36}},"21":{"start":{"line":22,"column":0},"end":{"line":22,"column":19}},"22":{"start":{"line":23,"column":0},"end":{"line":23,"column":3}},"24":{"start":{"line":25,"column":0},"end":{"line":25,"column":23}},"25":{"start":{"line":26,"column":0},"end":{"line":26,"column":33}},"26":{"start":{"line":27,"column":0},"end":{"line":27,"column":70}},"27":{"start":{"line":28,"column":0},"end":{"line":28,"column":16}},"28":{"start":{"line":29,"column":0},"end":{"line":29,"column":14}},"29":{"start":{"line":30,"column":0},"end":{"line":30,"column":58}},"30":{"start":{"line":31,"column":0},"end":{"line":31,"column":24}},"31":{"start":{"line":32,"column":0},"end":{"line":32,"column":26}},"32":{"start":{"line":33,"column":0},"end":{"line":33,"column":19}},"33":{"start":{"line":34,"column":0},"end":{"line":34,"column":34}},"34":{"start":{"line":35,"column":0},"end":{"line":35,"column":39}},"35":{"start":{"line":36,"column":0},"end":{"line":36,"column":27}},"36":{"start":{"line":37,"column":0},"end":{"line":37,"column":39}},"37":{"start":{"line":38,"column":0},"end":{"line":38,"column":13}},"39":{"start":{"line":40,"column":0},"end":{"line":40,"column":21}},"41":{"start":{"line":42,"column":0},"end":{"line":42,"column":24}},"42":{"start":{"line":43,"column":0},"end":{"line":43,"column":19}},"43":{"start":{"line":44,"column":0},"end":{"line":44,"column":30}},"44":{"start":{"line":45,"column":0},"end":{"line":45,"column":39}},"45":{"start":{"line":46,"column":0},"end":{"line":46,"column":27}},"46":{"start":{"line":47,"column":0},"end":{"line":47,"column":37}},"47":{"start":{"line":48,"column":0},"end":{"line":48,"column":13}},"49":{"start":{"line":50,"column":0},"end":{"line":50,"column":21}},"51":{"start":{"line":52,"column":0},"end":{"line":52,"column":14}},"53":{"start":{"line":54,"column":0},"end":{"line":54,"column":5}},"54":{"start":{"line":55,"column":0},"end":{"line":55,"column":20}},"55":{"start":{"line":56,"column":0},"end":{"line":56,"column":3}},"56":{"start":{"line":57,"column":0},"end":{"line":57,"column":1}},"58":{"start":{"line":59,"column":0},"end":{"line":59,"column":29}}},"s":{"0":1,"3":0,"4":0,"5":0,"7":1,"8":1,"9":5,"10":5,"11":5,"12":5,"14":1,"15":4,"16":4,"18":1,"19":0,"20":0,"21":0,"22":0,"24":1,"25":8,"26":8,"27":8,"28":4,"29":4,"30":4,"31":4,"32":2,"33":2,"34":2,"35":2,"36":2,"37":2,"39":2,"41":4,"42":2,"43":2,"44":2,"45":2,"46":2,"47":2,"49":2,"51":4,"53":4,"54":4,"55":8,"56":1,"58":1},"branchMap":{"0":{"type":"branch","line":9,"loc":{"start":{"line":9,"column":2},"end":{"line":13,"column":3}},"locations":[{"start":{"line":9,"column":2},"end":{"line":13,"column":3}}]},"1":{"type":"branch","line":15,"loc":{"start":{"line":15,"column":9},"end":{"line":17,"column":3}},"locations":[{"start":{"line":15,"column":9},"end":{"line":17,"column":3}}]},"2":{"type":"branch","line":25,"loc":{"start":{"line":25,"column":2},"end":{"line":56,"column":3}},"locations":[{"start":{"line":25,"column":2},"end":{"line":56,"column":3}}]},"3":{"type":"branch","line":28,"loc":{"start":{"line":28,"column":15},"end":{"line":55,"column":20}},"locations":[{"start":{"line":28,"column":15},"end":{"line":55,"column":20}}]},"4":{"type":"branch","line":32,"loc":{"start":{"line":32,"column":11},"end":{"line":40,"column":21}},"locations":[{"start":{"line":32,"column":11},"end":{"line":40,"column":21}}]},"5":{"type":"branch","line":42,"loc":{"start":{"line":42,"column":11},"end":{"line":50,"column":21}},"locations":[{"start":{"line":42,"column":11},"end":{"line":50,"column":21}}]}},"b":{"0":[5],"1":[4],"2":[8],"3":[4],"4":[2],"5":[2]},"fnMap":{"0":{"name":"reload","decl":{"start":{"line":4,"column":0},"end":{"line":6,"column":1}},"loc":{"start":{"line":4,"column":0},"end":{"line":6,"column":1}},"line":4},"1":{"name":"ErrorBoundary","decl":{"start":{"line":9,"column":2},"end":{"line":13,"column":3}},"loc":{"start":{"line":9,"column":2},"end":{"line":13,"column":3}},"line":9},"2":{"name":"getDerivedStateFromError","decl":{"start":{"line":15,"column":9},"end":{"line":17,"column":3}},"loc":{"start":{"line":15,"column":9},"end":{"line":17,"column":3}},"line":15},"3":{"name":"retry","decl":{"start":{"line":19,"column":2},"end":{"line":23,"column":3}},"loc":{"start":{"line":19,"column":2},"end":{"line":23,"column":3}},"line":19},"4":{"name":"render","decl":{"start":{"line":25,"column":2},"end":{"line":56,"column":3}},"loc":{"start":{"line":25,"column":2},"end":{"line":56,"column":3}},"line":25}},"f":{"0":0,"1":5,"2":4,"3":0,"4":8}}
,"C:\\Users\\anton.markov\\Documents\\JS\\Projects\\RSS_REACT2024Q3\\class-components\\src\\components\\FlyoutComponent.tsx": {"path":"C:\\Users\\anton.markov\\Documents\\JS\\Projects\\RSS_REACT2024Q3\\class-components\\src\\components\\FlyoutComponent.tsx","all":false,"statementMap":{"0":{"start":{"line":1,"column":0},"end":{"line":1,"column":34}},"1":{"start":{"line":2,"column":0},"end":{"line":2,"column":55}},"2":{"start":{"line":3,"column":0},"end":{"line":3,"column":40}},"3":{"start":{"line":4,"column":0},"end":{"line":4,"column":73}},"4":{"start":{"line":5,"column":0},"end":{"line":5,"column":49}},"6":{"start":{"line":7,"column":0},"end":{"line":7,"column":30}},"7":{"start":{"line":8,"column":0},"end":{"line":8,"column":29}},"8":{"start":{"line":9,"column":0},"end":{"line":9,"column":33}},"9":{"start":{"line":10,"column":0},"end":{"line":10,"column":50}},"10":{"start":{"line":11,"column":0},"end":{"line":11,"column":32}},"12":{"start":{"line":13,"column":0},"end":{"line":13,"column":10}},"13":{"start":{"line":14,"column":0},"end":{"line":14,"column":57}},"14":{"start":{"line":15,"column":0},"end":{"line":15,"column":9}},"15":{"start":{"line":16,"column":0},"end":{"line":16,"column":51}},"16":{"start":{"line":17,"column":0},"end":{"line":17,"column":43}},"17":{"start":{"line":18,"column":0},"end":{"line":18,"column":10}},"18":{"start":{"line":19,"column":0},"end":{"line":19,"column":11}},"19":{"start":{"line":20,"column":0},"end":{"line":20,"column":15}},"20":{"start":{"line":21,"column":0},"end":{"line":21,"column":32}},"21":{"start":{"line":22,"column":0},"end":{"line":22,"column":23}},"22":{"start":{"line":23,"column":0},"end":{"line":23,"column":66}},"23":{"start":{"line":24,"column":0},"end":{"line":24,"column":9}},"25":{"start":{"line":26,"column":0},"end":{"line":26,"column":17}},"26":{"start":{"line":27,"column":0},"end":{"line":27,"column":15}},"27":{"start":{"line":28,"column":0},"end":{"line":28,"column":32}},"28":{"start":{"line":29,"column":0},"end":{"line":29,"column":23}},"29":{"start":{"line":30,"column":0},"end":{"line":30,"column":47}},"30":{"start":{"line":31,"column":0},"end":{"line":31,"column":9}},"32":{"start":{"line":33,"column":0},"end":{"line":33,"column":17}},"33":{"start":{"line":34,"column":0},"end":{"line":34,"column":12}},"34":{"start":{"line":35,"column":0},"end":{"line":35,"column":10}},"36":{"start":{"line":37,"column":0},"end":{"line":37,"column":1}},"38":{"start":{"line":39,"column":0},"end":{"line":39,"column":22}}},"s":{"0":1,"1":1,"2":1,"3":1,"4":1,"6":1,"7":1,"8":1,"9":1,"10":1,"12":1,"13":1,"14":1,"15":1,"16":1,"17":1,"18":1,"19":1,"20":1,"21":1,"22":1,"23":1,"25":1,"26":1,"27":1,"28":1,"29":1,"30":1,"32":1,"33":1,"34":1,"36":1,"38":1},"branchMap":{"0":{"type":"branch","line":7,"loc":{"start":{"line":7,"column":0},"end":{"line":37,"column":1}},"locations":[{"start":{"line":7,"column":0},"end":{"line":37,"column":1}}]},"1":{"type":"branch","line":17,"loc":{"start":{"line":17,"column":34},"end":{"line":17,"column":43}},"locations":[{"start":{"line":17,"column":34},"end":{"line":17,"column":43}}]}},"b":{"0":[1],"1":[0]},"fnMap":{"0":{"name":"FLyout","decl":{"start":{"line":7,"column":0},"end":{"line":37,"column":1}},"loc":{"start":{"line":7,"column":0},"end":{"line":37,"column":1}},"line":7},"1":{"name":"onClick","decl":{"start":{"line":23,"column":19},"end":{"line":23,"column":66}},"loc":{"start":{"line":23,"column":19},"end":{"line":23,"column":66}},"line":23},"2":{"name":"onClick","decl":{"start":{"line":30,"column":19},"end":{"line":30,"column":47}},"loc":{"start":{"line":30,"column":19},"end":{"line":30,"column":47}},"line":30}},"f":{"0":1,"1":0,"2":0}}
,"C:\\Users\\anton.markov\\Documents\\JS\\Projects\\RSS_REACT2024Q3\\class-components\\src\\components\\Header.tsx": {"path":"C:\\Users\\anton.markov\\Documents\\JS\\Projects\\RSS_REACT2024Q3\\class-components\\src\\components\\Header.tsx","all":false,"statementMap":{"0":{"start":{"line":1,"column":0},"end":{"line":1,"column":46}},"1":{"start":{"line":2,"column":0},"end":{"line":2,"column":55}},"2":{"start":{"line":3,"column":0},"end":{"line":3,"column":50}},"3":{"start":{"line":4,"column":0},"end":{"line":4,"column":38}},"4":{"start":{"line":5,"column":0},"end":{"line":5,"column":46}},"5":{"start":{"line":6,"column":0},"end":{"line":6,"column":44}},"10":{"start":{"line":11,"column":0},"end":{"line":11,"column":30}},"12":{"start":{"line":13,"column":0},"end":{"line":13,"column":30}},"13":{"start":{"line":14,"column":0},"end":{"line":14,"column":33}},"14":{"start":{"line":15,"column":0},"end":{"line":15,"column":41}},"15":{"start":{"line":16,"column":0},"end":{"line":16,"column":52}},"17":{"start":{"line":18,"column":0},"end":{"line":18,"column":17}},"18":{"start":{"line":19,"column":0},"end":{"line":19,"column":39}},"19":{"start":{"line":20,"column":0},"end":{"line":20,"column":3}},"21":{"start":{"line":22,"column":0},"end":{"line":22,"column":10}},"22":{"start":{"line":23,"column":0},"end":{"line":23,"column":78}},"23":{"start":{"line":24,"column":0},"end":{"line":24,"column":8}},"24":{"start":{"line":25,"column":0},"end":{"line":25,"column":31}},"25":{"start":{"line":26,"column":0},"end":{"line":26,"column":33}},"26":{"start":{"line":27,"column":0},"end":{"line":27,"column":23}},"27":{"start":{"line":28,"column":0},"end":{"line":28,"column":24}},"28":{"start":{"line":29,"column":0},"end":{"line":29,"column":7}},"30":{"start":{"line":31,"column":0},"end":{"line":31,"column":10}},"31":{"start":{"line":32,"column":0},"end":{"line":32,"column":35}},"32":{"start":{"line":33,"column":0},"end":{"line":33,"column":15}},"33":{"start":{"line":34,"column":0},"end":{"line":34,"column":29}},"34":{"start":{"line":35,"column":0},"end":{"line":35,"column":54}},"35":{"start":{"line":36,"column":0},"end":{"line":36,"column":23}},"36":{"start":{"line":37,"column":0},"end":{"line":37,"column":9}},"38":{"start":{"line":39,"column":0},"end":{"line":39,"column":17}},"39":{"start":{"line":40,"column":0},"end":{"line":40,"column":15}},"40":{"start":{"line":41,"column":0},"end":{"line":41,"column":29}},"41":{"start":{"line":42,"column":0},"end":{"line":42,"column":52}},"42":{"start":{"line":43,"column":0},"end":{"line":43,"column":23}},"43":{"start":{"line":44,"column":0},"end":{"line":44,"column":9}},"45":{"start":{"line":46,"column":0},"end":{"line":46,"column":17}},"46":{"start":{"line":47,"column":0},"end":{"line":47,"column":12}},"47":{"start":{"line":48,"column":0},"end":{"line":48,"column":38}},"48":{"start":{"line":49,"column":0},"end":{"line":49,"column":28}},"49":{"start":{"line":50,"column":0},"end":{"line":50,"column":22}},"50":{"start":{"line":51,"column":0},"end":{"line":51,"column":12}},"51":{"start":{"line":52,"column":0},"end":{"line":52,"column":23}},"52":{"start":{"line":53,"column":0},"end":{"line":53,"column":13}},"54":{"start":{"line":55,"column":0},"end":{"line":55,"column":1}},"56":{"start":{"line":57,"column":0},"end":{"line":57,"column":22}}},"s":{"0":1,"1":1,"2":1,"3":1,"4":1,"5":1,"10":1,"12":10,"13":10,"14":10,"15":10,"17":10,"18":4,"19":4,"21":5,"22":10,"23":10,"24":10,"25":10,"26":10,"27":10,"28":10,"30":10,"31":10,"32":10,"33":10,"34":10,"35":10,"36":10,"38":10,"39":10,"40":10,"41":10,"42":10,"43":10,"45":10,"46":10,"47":10,"48":10,"49":10,"50":10,"51":10,"52":10,"54":10,"56":1},"branchMap":{"0":{"type":"branch","line":13,"loc":{"start":{"line":13,"column":0},"end":{"line":55,"column":1}},"locations":[{"start":{"line":13,"column":0},"end":{"line":55,"column":1}}]},"1":{"type":"branch","line":18,"loc":{"start":{"line":18,"column":16},"end":{"line":20,"column":3}},"locations":[{"start":{"line":18,"column":16},"end":{"line":20,"column":3}}]},"2":{"type":"branch","line":20,"loc":{"start":{"line":20,"column":2},"end":{"line":23,"column":71}},"locations":[{"start":{"line":20,"column":2},"end":{"line":23,"column":71}}]},"3":{"type":"branch","line":23,"loc":{"start":{"line":23,"column":64},"end":{"line":23,"column":78}},"locations":[{"start":{"line":23,"column":64},"end":{"line":23,"column":78}}]}},"b":{"0":[10],"1":[4],"2":[5],"3":[2]},"fnMap":{"0":{"name":"Header","decl":{"start":{"line":13,"column":0},"end":{"line":55,"column":1}},"loc":{"start":{"line":13,"column":0},"end":{"line":55,"column":1}},"line":13},"1":{"name":"onClick","decl":{"start":{"line":35,"column":19},"end":{"line":35,"column":54}},"loc":{"start":{"line":35,"column":19},"end":{"line":35,"column":54}},"line":35},"2":{"name":"onClick","decl":{"start":{"line":42,"column":19},"end":{"line":42,"column":52}},"loc":{"start":{"line":42,"column":19},"end":{"line":42,"column":52}},"line":42}},"f":{"0":10,"1":0,"2":0}}
,"C:\\Users\\anton.markov\\Documents\\JS\\Projects\\RSS_REACT2024Q3\\class-components\\src\\components\\InputBlock.tsx": {"path":"C:\\Users\\anton.markov\\Documents\\JS\\Projects\\RSS_REACT2024Q3\\class-components\\src\\components\\InputBlock.tsx","all":false,"statementMap":{"0":{"start":{"line":1,"column":0},"end":{"line":1,"column":56}},"1":{"start":{"line":2,"column":0},"end":{"line":2,"column":42}},"2":{"start":{"line":3,"column":0},"end":{"line":3,"column":40}},"3":{"start":{"line":4,"column":0},"end":{"line":4,"column":46}},"4":{"start":{"line":5,"column":0},"end":{"line":5,"column":57}},"5":{"start":{"line":6,"column":0},"end":{"line":6,"column":74}},"6":{"start":{"line":7,"column":0},"end":{"line":7,"column":51}},"8":{"start":{"line":9,"column":0},"end":{"line":9,"column":34}},"9":{"start":{"line":10,"column":0},"end":{"line":10,"column":33}},"10":{"start":{"line":11,"column":0},"end":{"line":11,"column":29}},"11":{"start":{"line":12,"column":0},"end":{"line":12,"column":62}},"12":{"start":{"line":13,"column":0},"end":{"line":13,"column":76}},"13":{"start":{"line":14,"column":0},"end":{"line":14,"column":41}},"15":{"start":{"line":16,"column":0},"end":{"line":16,"column":65}},"16":{"start":{"line":17,"column":0},"end":{"line":17,"column":23}},"17":{"start":{"line":18,"column":0},"end":{"line":18,"column":37}},"18":{"start":{"line":19,"column":0},"end":{"line":19,"column":36}},"19":{"start":{"line":20,"column":0},"end":{"line":20,"column":26}},"20":{"start":{"line":21,"column":0},"end":{"line":21,"column":24}},"21":{"start":{"line":22,"column":0},"end":{"line":22,"column":55}},"22":{"start":{"line":23,"column":0},"end":{"line":23,"column":37}},"23":{"start":{"line":24,"column":0},"end":{"line":24,"column":4}},"25":{"start":{"line":26,"column":0},"end":{"line":26,"column":10}},"26":{"start":{"line":27,"column":0},"end":{"line":27,"column":9}},"27":{"start":{"line":28,"column":0},"end":{"line":28,"column":73}},"28":{"start":{"line":29,"column":0},"end":{"line":29,"column":31}},"30":{"start":{"line":31,"column":0},"end":{"line":31,"column":12}},"31":{"start":{"line":32,"column":0},"end":{"line":32,"column":32}},"32":{"start":{"line":33,"column":0},"end":{"line":33,"column":19}},"33":{"start":{"line":34,"column":0},"end":{"line":34,"column":20}},"34":{"start":{"line":35,"column":0},"end":{"line":35,"column":49}},"35":{"start":{"line":36,"column":0},"end":{"line":36,"column":33}},"36":{"start":{"line":37,"column":0},"end":{"line":37,"column":8}},"38":{"start":{"line":39,"column":0},"end":{"line":39,"column":77}},"40":{"start":{"line":41,"column":0},"end":{"line":41,"column":15}},"41":{"start":{"line":42,"column":0},"end":{"line":42,"column":11}},"43":{"start":{"line":44,"column":0},"end":{"line":44,"column":1}},"45":{"start":{"line":46,"column":0},"end":{"line":46,"column":26}}},"s":{"0":1,"1":1,"2":1,"3":1,"4":1,"5":1,"6":1,"8":6,"9":6,"10":6,"11":6,"12":6,"13":6,"15":6,"16":0,"17":0,"18":0,"19":0,"20":0,"21":0,"22":0,"23":0,"25":6,"26":6,"27":6,"28":6,"30":6,"31":6,"32":6,"33":6,"34":6,"35":6,"36":6,"38":6,"40":6,"41":6,"43":6,"45":1},"branchMap":{"0":{"type":"branch","line":9,"loc":{"start":{"line":9,"column":0},"end":{"line":44,"column":1}},"locations":[{"start":{"line":9,"column":0},"end":{"line":44,"column":1}}]},"1":{"type":"branch","line":13,"loc":{"start":{"line":13,"column":48},"end":{"line":13,"column":72}},"locations":[{"start":{"line":13,"column":48},"end":{"line":13,"column":72}}]},"2":{"type":"branch","line":13,"loc":{"start":{"line":13,"column":58},"end":{"line":13,"column":74}},"locations":[{"start":{"line":13,"column":58},"end":{"line":13,"column":74}}]},"3":{"type":"branch","line":39,"loc":{"start":{"line":39,"column":63},"end":{"line":39,"column":77}},"locations":[{"start":{"line":39,"column":63},"end":{"line":39,"column":77}}]}},"b":{"0":[6],"1":[5],"2":[5],"3":[2]},"fnMap":{"0":{"name":"InputBlock","decl":{"start":{"line":9,"column":0},"end":{"line":44,"column":1}},"loc":{"start":{"line":9,"column":0},"end":{"line":44,"column":1}},"line":9},"1":{"name":"onSubmitForm","decl":{"start":{"line":16,"column":23},"end":{"line":24,"column":4}},"loc":{"start":{"line":16,"column":23},"end":{"line":24,"column":4}},"line":16},"2":{"name":"onSubmit","decl":{"start":{"line":28,"column":16},"end":{"line":28,"column":73}},"loc":{"start":{"line":28,"column":16},"end":{"line":28,"column":73}},"line":28},"3":{"name":"onChange","decl":{"start":{"line":35,"column":18},"end":{"line":35,"column":49}},"loc":{"start":{"line":35,"column":18},"end":{"line":35,"column":49}},"line":35}},"f":{"0":6,"1":0,"2":0,"3":0}}
,"C:\\Users\\anton.markov\\Documents\\JS\\Projects\\RSS_REACT2024Q3\\class-components\\src\\components\\Layout.tsx": {"path":"C:\\Users\\anton.markov\\Documents\\JS\\Projects\\RSS_REACT2024Q3\\class-components\\src\\components\\Layout.tsx","all":false,"statementMap":{"0":{"start":{"line":1,"column":0},"end":{"line":1,"column":34}},"1":{"start":{"line":2,"column":0},"end":{"line":2,"column":30}},"3":{"start":{"line":4,"column":0},"end":{"line":4,"column":67}},"4":{"start":{"line":5,"column":0},"end":{"line":5,"column":10}},"5":{"start":{"line":6,"column":0},"end":{"line":6,"column":6}},"6":{"start":{"line":7,"column":0},"end":{"line":7,"column":16}},"7":{"start":{"line":8,"column":0},"end":{"line":8,"column":16}},"8":{"start":{"line":9,"column":0},"end":{"line":9,"column":7}},"10":{"start":{"line":11,"column":0},"end":{"line":11,"column":1}},"12":{"start":{"line":13,"column":0},"end":{"line":13,"column":22}}},"s":{"0":1,"1":1,"3":7,"4":7,"5":7,"6":7,"7":7,"8":7,"10":7,"12":1},"branchMap":{"0":{"type":"branch","line":4,"loc":{"start":{"line":4,"column":0},"end":{"line":11,"column":1}},"locations":[{"start":{"line":4,"column":0},"end":{"line":11,"column":1}}]}},"b":{"0":[7]},"fnMap":{"0":{"name":"Layout","decl":{"start":{"line":4,"column":0},"end":{"line":11,"column":1}},"loc":{"start":{"line":4,"column":0},"end":{"line":11,"column":1}},"line":4}},"f":{"0":7}}
,"C:\\Users\\anton.markov\\Documents\\JS\\Projects\\RSS_REACT2024Q3\\class-components\\src\\components\\Loader.tsx": {"path":"C:\\Users\\anton.markov\\Documents\\JS\\Projects\\RSS_REACT2024Q3\\class-components\\src\\components\\Loader.tsx","all":false,"statementMap":{"0":{"start":{"line":1,"column":0},"end":{"line":1,"column":46}},"1":{"start":{"line":2,"column":0},"end":{"line":2,"column":46}},"3":{"start":{"line":4,"column":0},"end":{"line":4,"column":30}},"4":{"start":{"line":5,"column":0},"end":{"line":5,"column":41}},"5":{"start":{"line":6,"column":0},"end":{"line":6,"column":10}},"6":{"start":{"line":7,"column":0},"end":{"line":7,"column":9}},"7":{"start":{"line":8,"column":0},"end":{"line":8,"column":32}},"8":{"start":{"line":9,"column":0},"end":{"line":9,"column":26}},"9":{"start":{"line":10,"column":0},"end":{"line":10,"column":31}},"11":{"start":{"line":12,"column":0},"end":{"line":12,"column":10}},"12":{"start":{"line":13,"column":0},"end":{"line":13,"column":33}},"13":{"start":{"line":14,"column":0},"end":{"line":14,"column":26}},"14":{"start":{"line":15,"column":0},"end":{"line":15,"column":42}},"16":{"start":{"line":17,"column":0},"end":{"line":17,"column":11}},"17":{"start":{"line":18,"column":0},"end":{"line":18,"column":19}},"18":{"start":{"line":19,"column":0},"end":{"line":19,"column":21}},"19":{"start":{"line":20,"column":0},"end":{"line":20,"column":17}},"20":{"start":{"line":21,"column":0},"end":{"line":21,"column":25}},"21":{"start":{"line":22,"column":0},"end":{"line":22,"column":3351}},"22":{"start":{"line":23,"column":0},"end":{"line":23,"column":14}},"23":{"start":{"line":24,"column":0},"end":{"line":24,"column":14}},"24":{"start":{"line":25,"column":0},"end":{"line":25,"column":12}},"25":{"start":{"line":26,"column":0},"end":{"line":26,"column":12}},"26":{"start":{"line":27,"column":0},"end":{"line":27,"column":43}},"27":{"start":{"line":28,"column":0},"end":{"line":28,"column":11}},"29":{"start":{"line":30,"column":0},"end":{"line":30,"column":1}},"31":{"start":{"line":32,"column":0},"end":{"line":32,"column":22}}},"s":{"0":1,"1":1,"3":7,"4":7,"5":7,"6":7,"7":7,"8":7,"9":7,"11":7,"12":7,"13":7,"14":7,"16":7,"17":7,"18":7,"19":7,"20":7,"21":7,"22":7,"23":7,"24":7,"25":7,"26":7,"27":7,"29":7,"31":1},"branchMap":{"0":{"type":"branch","line":4,"loc":{"start":{"line":4,"column":0},"end":{"line":30,"column":1}},"locations":[{"start":{"line":4,"column":0},"end":{"line":30,"column":1}}]},"1":{"type":"branch","line":10,"loc":{"start":{"line":10,"column":18},"end":{"line":10,"column":31}},"locations":[{"start":{"line":10,"column":18},"end":{"line":10,"column":31}}]}},"b":{"0":[7],"1":[0]},"fnMap":{"0":{"name":"Loader","decl":{"start":{"line":4,"column":0},"end":{"line":30,"column":1}},"loc":{"start":{"line":4,"column":0},"end":{"line":30,"column":1}},"line":4}},"f":{"0":7}}
,"C:\\Users\\anton.markov\\Documents\\JS\\Projects\\RSS_REACT2024Q3\\class-components\\src\\components\\NotFoundBlock.tsx": {"path":"C:\\Users\\anton.markov\\Documents\\JS\\Projects\\RSS_REACT2024Q3\\class-components\\src\\components\\NotFoundBlock.tsx","all":false,"statementMap":{"0":{"start":{"line":1,"column":0},"end":{"line":1,"column":34}},"2":{"start":{"line":3,"column":0},"end":{"line":3,"column":37}},"3":{"start":{"line":4,"column":0},"end":{"line":4,"column":10}},"4":{"start":{"line":5,"column":0},"end":{"line":5,"column":58}},"6":{"start":{"line":7,"column":0},"end":{"line":7,"column":9}},"8":{"start":{"line":9,"column":0},"end":{"line":9,"column":1}},"10":{"start":{"line":11,"column":0},"end":{"line":11,"column":29}}},"s":{"0":1,"2":1,"3":1,"4":1,"6":1,"8":1,"10":1},"branchMap":{"0":{"type":"branch","line":3,"loc":{"start":{"line":3,"column":0},"end":{"line":9,"column":1}},"locations":[{"start":{"line":3,"column":0},"end":{"line":9,"column":1}}]}},"b":{"0":[1]},"fnMap":{"0":{"name":"NotFoundBlock","decl":{"start":{"line":3,"column":0},"end":{"line":9,"column":1}},"loc":{"start":{"line":3,"column":0},"end":{"line":9,"column":1}},"line":3}},"f":{"0":1}}
,"C:\\Users\\anton.markov\\Documents\\JS\\Projects\\RSS_REACT2024Q3\\class-components\\src\\components\\ResourceSelector.tsx": {"path":"C:\\Users\\anton.markov\\Documents\\JS\\Projects\\RSS_REACT2024Q3\\class-components\\src\\components\\ResourceSelector.tsx","all":false,"statementMap":{"0":{"start":{"line":1,"column":0},"end":{"line":1,"column":34}},"1":{"start":{"line":2,"column":0},"end":{"line":2,"column":40}},"2":{"start":{"line":3,"column":0},"end":{"line":3,"column":42}},"3":{"start":{"line":4,"column":0},"end":{"line":4,"column":57}},"4":{"start":{"line":5,"column":0},"end":{"line":5,"column":74}},"5":{"start":{"line":6,"column":0},"end":{"line":6,"column":51}},"7":{"start":{"line":8,"column":0},"end":{"line":8,"column":40}},"8":{"start":{"line":9,"column":0},"end":{"line":9,"column":33}},"9":{"start":{"line":10,"column":0},"end":{"line":10,"column":29}},"10":{"start":{"line":11,"column":0},"end":{"line":11,"column":60}},"12":{"start":{"line":13,"column":0},"end":{"line":13,"column":40}},"13":{"start":{"line":14,"column":0},"end":{"line":14,"column":63}},"14":{"start":{"line":15,"column":0},"end":{"line":15,"column":26}},"15":{"start":{"line":16,"column":0},"end":{"line":16,"column":37}},"16":{"start":{"line":17,"column":0},"end":{"line":17,"column":36}},"17":{"start":{"line":18,"column":0},"end":{"line":18,"column":25}},"18":{"start":{"line":19,"column":0},"end":{"line":19,"column":37}},"19":{"start":{"line":20,"column":0},"end":{"line":20,"column":4}},"21":{"start":{"line":22,"column":0},"end":{"line":22,"column":10}},"22":{"start":{"line":23,"column":0},"end":{"line":23,"column":58}},"24":{"start":{"line":25,"column":0},"end":{"line":25,"column":13}},"25":{"start":{"line":26,"column":0},"end":{"line":26,"column":22}},"26":{"start":{"line":27,"column":0},"end":{"line":27,"column":26}},"27":{"start":{"line":28,"column":0},"end":{"line":28,"column":36}},"28":{"start":{"line":29,"column":0},"end":{"line":29,"column":10}},"29":{"start":{"line":30,"column":0},"end":{"line":30,"column":38}},"30":{"start":{"line":31,"column":0},"end":{"line":31,"column":37}},"31":{"start":{"line":32,"column":0},"end":{"line":32,"column":35}},"33":{"start":{"line":34,"column":0},"end":{"line":34,"column":46}},"34":{"start":{"line":35,"column":0},"end":{"line":35,"column":45}},"35":{"start":{"line":36,"column":0},"end":{"line":36,"column":50}},"36":{"start":{"line":37,"column":0},"end":{"line":37,"column":48}},"37":{"start":{"line":38,"column":0},"end":{"line":38,"column":48}},"38":{"start":{"line":39,"column":0},"end":{"line":39,"column":52}},"39":{"start":{"line":40,"column":0},"end":{"line":40,"column":15}},"40":{"start":{"line":41,"column":0},"end":{"line":41,"column":12}},"42":{"start":{"line":43,"column":0},"end":{"line":43,"column":1}},"44":{"start":{"line":45,"column":0},"end":{"line":45,"column":32}}},"s":{"0":1,"1":1,"2":1,"3":1,"4":1,"5":1,"7":6,"8":6,"9":6,"10":6,"12":6,"13":0,"14":0,"15":0,"16":0,"17":0,"18":0,"19":0,"21":6,"22":6,"24":6,"25":6,"26":6,"27":0,"28":0,"29":6,"30":6,"31":6,"33":6,"34":6,"35":6,"36":6,"37":6,"38":6,"39":6,"40":6,"42":6,"44":1},"branchMap":{"0":{"type":"branch","line":8,"loc":{"start":{"line":8,"column":0},"end":{"line":43,"column":1}},"locations":[{"start":{"line":8,"column":0},"end":{"line":43,"column":1}}]},"1":{"type":"branch","line":30,"loc":{"start":{"line":30,"column":15},"end":{"line":30,"column":38}},"locations":[{"start":{"line":30,"column":15},"end":{"line":30,"column":38}}]}},"b":{"0":[6],"1":[0]},"fnMap":{"0":{"name":"ResourceSelector","decl":{"start":{"line":8,"column":0},"end":{"line":43,"column":1}},"loc":{"start":{"line":8,"column":0},"end":{"line":43,"column":1}},"line":8},"1":{"name":"onSetType","decl":{"start":{"line":13,"column":20},"end":{"line":20,"column":4}},"loc":{"start":{"line":13,"column":20},"end":{"line":20,"column":4}},"line":13},"2":{"name":"onChange","decl":{"start":{"line":27,"column":18},"end":{"line":29,"column":10}},"loc":{"start":{"line":27,"column":18},"end":{"line":29,"column":10}},"line":27}},"f":{"0":6,"1":0,"2":0}}
,"C:\\Users\\anton.markov\\Documents\\JS\\Projects\\RSS_REACT2024Q3\\class-components\\src\\components\\SingleCard.tsx": {"path":"C:\\Users\\anton.markov\\Documents\\JS\\Projects\\RSS_REACT2024Q3\\class-components\\src\\components\\SingleCard.tsx","all":false,"statementMap":{"0":{"start":{"line":1,"column":0},"end":{"line":1,"column":55}},"1":{"start":{"line":2,"column":0},"end":{"line":2,"column":40}},"2":{"start":{"line":3,"column":0},"end":{"line":3,"column":42}},"4":{"start":{"line":5,"column":0},"end":{"line":5,"column":30}},"5":{"start":{"line":6,"column":0},"end":{"line":6,"column":42}},"6":{"start":{"line":7,"column":0},"end":{"line":7,"column":55}},"8":{"start":{"line":9,"column":0},"end":{"line":9,"column":38}},"9":{"start":{"line":10,"column":0},"end":{"line":10,"column":49}},"10":{"start":{"line":11,"column":0},"end":{"line":11,"column":74}},"11":{"start":{"line":12,"column":0},"end":{"line":12,"column":1}},"13":{"start":{"line":14,"column":0},"end":{"line":14,"column":77}},"14":{"start":{"line":15,"column":0},"end":{"line":15,"column":39}},"15":{"start":{"line":16,"column":0},"end":{"line":16,"column":54}},"16":{"start":{"line":17,"column":0},"end":{"line":17,"column":51}},"17":{"start":{"line":18,"column":0},"end":{"line":18,"column":29}},"18":{"start":{"line":19,"column":0},"end":{"line":19,"column":33}},"20":{"start":{"line":21,"column":0},"end":{"line":21,"column":25}},"21":{"start":{"line":22,"column":0},"end":{"line":22,"column":60}},"23":{"start":{"line":24,"column":0},"end":{"line":24,"column":33}},"24":{"start":{"line":25,"column":0},"end":{"line":25,"column":49}},"25":{"start":{"line":26,"column":0},"end":{"line":26,"column":18}},"26":{"start":{"line":27,"column":0},"end":{"line":27,"column":4}},"28":{"start":{"line":29,"column":0},"end":{"line":29,"column":19}},"29":{"start":{"line":30,"column":0},"end":{"line":30,"column":21}},"30":{"start":{"line":31,"column":0},"end":{"line":31,"column":26}},"31":{"start":{"line":32,"column":0},"end":{"line":32,"column":26}},"32":{"start":{"line":33,"column":0},"end":{"line":33,"column":17}},"33":{"start":{"line":34,"column":0},"end":{"line":34,"column":10}},"34":{"start":{"line":35,"column":0},"end":{"line":35,"column":39}},"35":{"start":{"line":36,"column":0},"end":{"line":36,"column":79}},"36":{"start":{"line":37,"column":0},"end":{"line":37,"column":53}},"37":{"start":{"line":38,"column":0},"end":{"line":38,"column":15}},"38":{"start":{"line":39,"column":0},"end":{"line":39,"column":13}},"39":{"start":{"line":40,"column":0},"end":{"line":40,"column":79}},"40":{"start":{"line":41,"column":0},"end":{"line":41,"column":53}},"41":{"start":{"line":42,"column":0},"end":{"line":42,"column":14}},"42":{"start":{"line":43,"column":0},"end":{"line":43,"column":13}},"43":{"start":{"line":44,"column":0},"end":{"line":44,"column":79}},"44":{"start":{"line":45,"column":0},"end":{"line":45,"column":53}},"45":{"start":{"line":46,"column":0},"end":{"line":46,"column":14}},"46":{"start":{"line":47,"column":0},"end":{"line":47,"column":13}},"47":{"start":{"line":48,"column":0},"end":{"line":48,"column":79}},"48":{"start":{"line":49,"column":0},"end":{"line":49,"column":53}},"49":{"start":{"line":50,"column":0},"end":{"line":50,"column":14}},"50":{"start":{"line":51,"column":0},"end":{"line":51,"column":24}},"51":{"start":{"line":52,"column":0},"end":{"line":52,"column":15}},"52":{"start":{"line":53,"column":0},"end":{"line":53,"column":81}},"53":{"start":{"line":54,"column":0},"end":{"line":54,"column":55}},"54":{"start":{"line":55,"column":0},"end":{"line":55,"column":16}},"56":{"start":{"line":57,"column":0},"end":{"line":57,"column":24}},"57":{"start":{"line":58,"column":0},"end":{"line":58,"column":15}},"58":{"start":{"line":59,"column":0},"end":{"line":59,"column":81}},"59":{"start":{"line":60,"column":0},"end":{"line":60,"column":55}},"60":{"start":{"line":61,"column":0},"end":{"line":61,"column":16}},"62":{"start":{"line":63,"column":0},"end":{"line":63,"column":24}},"63":{"start":{"line":64,"column":0},"end":{"line":64,"column":15}},"64":{"start":{"line":65,"column":0},"end":{"line":65,"column":81}},"65":{"start":{"line":66,"column":0},"end":{"line":66,"column":55}},"66":{"start":{"line":67,"column":0},"end":{"line":67,"column":16}},"68":{"start":{"line":69,"column":0},"end":{"line":69,"column":24}},"69":{"start":{"line":70,"column":0},"end":{"line":70,"column":15}},"70":{"start":{"line":71,"column":0},"end":{"line":71,"column":81}},"71":{"start":{"line":72,"column":0},"end":{"line":72,"column":55}},"72":{"start":{"line":73,"column":0},"end":{"line":73,"column":16}},"74":{"start":{"line":75,"column":0},"end":{"line":75,"column":17}},"75":{"start":{"line":76,"column":0},"end":{"line":76,"column":39}},"76":{"start":{"line":77,"column":0},"end":{"line":77,"column":25}},"77":{"start":{"line":78,"column":0},"end":{"line":78,"column":37}},"78":{"start":{"line":79,"column":0},"end":{"line":79,"column":11}},"80":{"start":{"line":81,"column":0},"end":{"line":81,"column":19}},"81":{"start":{"line":82,"column":0},"end":{"line":82,"column":11}},"82":{"start":{"line":83,"column":0},"end":{"line":83,"column":8}},"83":{"start":{"line":84,"column":0},"end":{"line":84,"column":5}},"84":{"start":{"line":85,"column":0},"end":{"line":85,"column":19}},"86":{"start":{"line":87,"column":0},"end":{"line":87,"column":10}},"87":{"start":{"line":88,"column":0},"end":{"line":88,"column":54}},"88":{"start":{"line":89,"column":0},"end":{"line":89,"column":10}},"89":{"start":{"line":90,"column":0},"end":{"line":90,"column":42}},"90":{"start":{"line":91,"column":0},"end":{"line":91,"column":33}},"91":{"start":{"line":92,"column":0},"end":{"line":92,"column":35}},"92":{"start":{"line":93,"column":0},"end":{"line":93,"column":8}},"93":{"start":{"line":94,"column":0},"end":{"line":94,"column":40}},"94":{"start":{"line":95,"column":0},"end":{"line":95,"column":10}},"96":{"start":{"line":97,"column":0},"end":{"line":97,"column":1}},"98":{"start":{"line":99,"column":0},"end":{"line":99,"column":26}}},"s":{"0":1,"1":1,"2":1,"4":1,"5":1,"6":1,"8":8,"9":8,"10":8,"11":8,"13":3,"14":3,"15":3,"16":3,"17":3,"18":3,"20":3,"21":3,"23":3,"24":0,"25":0,"26":0,"28":3,"29":2,"30":1,"31":1,"32":1,"33":1,"34":1,"35":1,"36":1,"37":1,"38":1,"39":1,"40":1,"41":1,"42":1,"43":1,"44":1,"45":1,"46":1,"47":1,"48":1,"49":1,"50":1,"51":1,"52":1,"53":1,"54":1,"56":1,"57":1,"58":1,"59":1,"60":1,"62":1,"63":1,"64":1,"65":1,"66":1,"68":1,"69":1,"70":1,"71":1,"72":1,"74":1,"75":1,"76":1,"77":1,"78":1,"80":1,"81":1,"82":1,"83":1,"84":3,"86":3,"87":3,"88":3,"89":3,"90":3,"91":3,"92":3,"93":3,"94":3,"96":3,"98":1},"branchMap":{"0":{"type":"branch","line":9,"loc":{"start":{"line":9,"column":0},"end":{"line":12,"column":1}},"locations":[{"start":{"line":9,"column":0},"end":{"line":12,"column":1}}]},"1":{"type":"branch","line":14,"loc":{"start":{"line":14,"column":0},"end":{"line":97,"column":1}},"locations":[{"start":{"line":14,"column":0},"end":{"line":97,"column":1}}]},"2":{"type":"branch","line":94,"loc":{"start":{"line":94,"column":7},"end":{"line":94,"column":32}},"locations":[{"start":{"line":94,"column":7},"end":{"line":94,"column":32}}]},"3":{"type":"branch","line":94,"loc":{"start":{"line":94,"column":27},"end":{"line":94,"column":40}},"locations":[{"start":{"line":94,"column":27},"end":{"line":94,"column":40}}]},"4":{"type":"branch","line":29,"loc":{"start":{"line":29,"column":12},"end":{"line":85,"column":5}},"locations":[{"start":{"line":29,"column":12},"end":{"line":85,"column":5}}]},"5":{"type":"branch","line":30,"loc":{"start":{"line":30,"column":20},"end":{"line":84,"column":5}},"locations":[{"start":{"line":30,"column":20},"end":{"line":84,"column":5}}]}},"b":{"0":[8],"1":[3],"2":[2],"3":[1],"4":[2],"5":[1]},"fnMap":{"0":{"name":"prepareFiled","decl":{"start":{"line":9,"column":0},"end":{"line":12,"column":1}},"loc":{"start":{"line":9,"column":0},"end":{"line":12,"column":1}},"line":9},"1":{"name":"SingleCard","decl":{"start":{"line":14,"column":0},"end":{"line":97,"column":1}},"loc":{"start":{"line":14,"column":0},"end":{"line":97,"column":1}},"line":14},"2":{"name":"closeSingleCard","decl":{"start":{"line":24,"column":26},"end":{"line":27,"column":4}},"loc":{"start":{"line":24,"column":26},"end":{"line":27,"column":4}},"line":24}},"f":{"0":8,"1":3,"2":0}}
,"C:\\Users\\anton.markov\\Documents\\JS\\Projects\\RSS_REACT2024Q3\\class-components\\src\\components\\ThemeContext.tsx": {"path":"C:\\Users\\anton.markov\\Documents\\JS\\Projects\\RSS_REACT2024Q3\\class-components\\src\\components\\ThemeContext.tsx","all":false,"statementMap":{"0":{"start":{"line":1,"column":0},"end":{"line":1,"column":68}},"2":{"start":{"line":3,"column":0},"end":{"line":3,"column":42}},"5":{"start":{"line":6,"column":0},"end":{"line":6,"column":13}},"7":{"start":{"line":8,"column":0},"end":{"line":8,"column":78}},"8":{"start":{"line":9,"column":0},"end":{"line":9,"column":45}},"10":{"start":{"line":11,"column":0},"end":{"line":11,"column":10}},"11":{"start":{"line":12,"column":0},"end":{"line":12,"column":26}},"12":{"start":{"line":13,"column":0},"end":{"line":13,"column":69}},"14":{"start":{"line":15,"column":0},"end":{"line":15,"column":16}},"15":{"start":{"line":16,"column":0},"end":{"line":16,"column":28}},"17":{"start":{"line":18,"column":0},"end":{"line":18,"column":1}}},"s":{"0":1,"2":1,"5":1,"7":2,"8":2,"10":2,"11":2,"12":2,"14":2,"15":2,"17":2},"branchMap":{"0":{"type":"branch","line":8,"loc":{"start":{"line":8,"column":0},"end":{"line":18,"column":1}},"locations":[{"start":{"line":8,"column":0},"end":{"line":18,"column":1}}]},"1":{"type":"branch","line":13,"loc":{"start":{"line":13,"column":21},"end":{"line":13,"column":50}},"locations":[{"start":{"line":13,"column":21},"end":{"line":13,"column":50}}]}},"b":{"0":[2],"1":[2]},"fnMap":{"0":{"name":"ThemeProvider","decl":{"start":{"line":8,"column":0},"end":{"line":18,"column":1}},"loc":{"start":{"line":8,"column":0},"end":{"line":18,"column":1}},"line":8}},"f":{"0":2}}
,"C:\\Users\\anton.markov\\Documents\\JS\\Projects\\RSS_REACT2024Q3\\class-components\\src\\components\\ThemeSwitcher.tsx": {"path":"C:\\Users\\anton.markov\\Documents\\JS\\Projects\\RSS_REACT2024Q3\\class-components\\src\\components\\ThemeSwitcher.tsx","all":false,"statementMap":{"0":{"start":{"line":1,"column":0},"end":{"line":1,"column":46}},"1":{"start":{"line":2,"column":0},"end":{"line":2,"column":46}},"3":{"start":{"line":4,"column":0},"end":{"line":4,"column":52}},"4":{"start":{"line":5,"column":0},"end":{"line":5,"column":41}},"6":{"start":{"line":7,"column":0},"end":{"line":7,"column":29}},"7":{"start":{"line":8,"column":0},"end":{"line":8,"column":35}},"8":{"start":{"line":9,"column":0},"end":{"line":9,"column":30}},"9":{"start":{"line":10,"column":0},"end":{"line":10,"column":12}},"10":{"start":{"line":11,"column":0},"end":{"line":11,"column":31}},"11":{"start":{"line":12,"column":0},"end":{"line":12,"column":5}},"12":{"start":{"line":13,"column":0},"end":{"line":13,"column":4}},"13":{"start":{"line":14,"column":0},"end":{"line":14,"column":10}},"14":{"start":{"line":15,"column":0},"end":{"line":15,"column":60}},"15":{"start":{"line":16,"column":0},"end":{"line":16,"column":61}},"16":{"start":{"line":17,"column":0},"end":{"line":17,"column":14}},"17":{"start":{"line":18,"column":0},"end":{"line":18,"column":25}},"18":{"start":{"line":19,"column":0},"end":{"line":19,"column":32}},"19":{"start":{"line":20,"column":0},"end":{"line":20,"column":21}},"20":{"start":{"line":21,"column":0},"end":{"line":21,"column":38}},"21":{"start":{"line":22,"column":0},"end":{"line":22,"column":10}},"22":{"start":{"line":23,"column":0},"end":{"line":23,"column":41}},"23":{"start":{"line":24,"column":0},"end":{"line":24,"column":14}},"24":{"start":{"line":25,"column":0},"end":{"line":25,"column":10}},"26":{"start":{"line":27,"column":0},"end":{"line":27,"column":1}}},"s":{"0":1,"1":1,"3":5,"4":5,"6":5,"7":1,"8":0,"9":1,"10":1,"11":1,"12":1,"13":5,"14":5,"15":5,"16":5,"17":5,"18":5,"19":5,"20":5,"21":5,"22":5,"23":5,"24":5,"26":5},"branchMap":{"0":{"type":"branch","line":4,"loc":{"start":{"line":4,"column":0},"end":{"line":27,"column":1}},"locations":[{"start":{"line":4,"column":0},"end":{"line":27,"column":1}}]},"1":{"type":"branch","line":7,"loc":{"start":{"line":7,"column":22},"end":{"line":13,"column":4}},"locations":[{"start":{"line":7,"column":22},"end":{"line":13,"column":4}}]},"2":{"type":"branch","line":8,"loc":{"start":{"line":8,"column":34},"end":{"line":10,"column":11}},"locations":[{"start":{"line":8,"column":34},"end":{"line":10,"column":11}}]}},"b":{"0":[5],"1":[1],"2":[0]},"fnMap":{"0":{"name":"ThemeSwitcher","decl":{"start":{"line":4,"column":0},"end":{"line":27,"column":1}},"loc":{"start":{"line":4,"column":0},"end":{"line":27,"column":1}},"line":4},"1":{"name":"switchTheme","decl":{"start":{"line":7,"column":22},"end":{"line":13,"column":4}},"loc":{"start":{"line":7,"column":22},"end":{"line":13,"column":4}},"line":7}},"f":{"0":5,"1":1}}
,"C:\\Users\\anton.markov\\Documents\\JS\\Projects\\RSS_REACT2024Q3\\class-components\\src\\components\\connectComponent.tsx": {"path":"C:\\Users\\anton.markov\\Documents\\JS\\Projects\\RSS_REACT2024Q3\\class-components\\src\\components\\connectComponent.tsx","all":false,"statementMap":{"0":{"start":{"line":1,"column":0},"end":{"line":1,"column":54}},"1":{"start":{"line":2,"column":0},"end":{"line":2,"column":46}},"2":{"start":{"line":3,"column":0},"end":{"line":3,"column":56}},"4":{"start":{"line":5,"column":0},"end":{"line":5,"column":36}},"5":{"start":{"line":6,"column":0},"end":{"line":6,"column":46}},"14":{"start":{"line":15,"column":0},"end":{"line":15,"column":48}},"15":{"start":{"line":16,"column":0},"end":{"line":16,"column":38}},"16":{"start":{"line":17,"column":0},"end":{"line":17,"column":39}},"17":{"start":{"line":18,"column":0},"end":{"line":18,"column":3}},"19":{"start":{"line":20,"column":0},"end":{"line":20,"column":28}},"20":{"start":{"line":21,"column":0},"end":{"line":21,"column":33}},"21":{"start":{"line":22,"column":0},"end":{"line":22,"column":2}},"23":{"start":{"line":24,"column":0},"end":{"line":24,"column":63}},"25":{"start":{"line":26,"column":0},"end":{"line":26,"column":62}},"26":{"start":{"line":27,"column":0},"end":{"line":27,"column":41}},"27":{"start":{"line":28,"column":0},"end":{"line":28,"column":10}},"28":{"start":{"line":29,"column":0},"end":{"line":29,"column":18}},"29":{"start":{"line":30,"column":0},"end":{"line":30,"column":39}},"30":{"start":{"line":31,"column":0},"end":{"line":31,"column":35}},"31":{"start":{"line":32,"column":0},"end":{"line":32,"column":31}},"32":{"start":{"line":33,"column":0},"end":{"line":33,"column":21}},"33":{"start":{"line":34,"column":0},"end":{"line":34,"column":49}},"35":{"start":{"line":36,"column":0},"end":{"line":36,"column":22}},"36":{"start":{"line":37,"column":0},"end":{"line":37,"column":20}},"38":{"start":{"line":39,"column":0},"end":{"line":39,"column":3}},"40":{"start":{"line":41,"column":0},"end":{"line":41,"column":28}}},"s":{"0":1,"1":1,"2":1,"4":1,"5":1,"14":1,"15":4,"16":4,"17":4,"19":1,"20":1,"21":1,"23":1,"25":1,"26":5,"27":5,"28":5,"29":5,"30":5,"31":5,"32":5,"33":5,"35":5,"36":5,"38":5,"40":1},"branchMap":{"0":{"type":"branch","line":15,"loc":{"start":{"line":15,"column":24},"end":{"line":18,"column":3}},"locations":[{"start":{"line":15,"column":24},"end":{"line":18,"column":3}}]},"1":{"type":"branch","line":26,"loc":{"start":{"line":26,"column":31},"end":{"line":39,"column":3}},"locations":[{"start":{"line":26,"column":31},"end":{"line":39,"column":3}}]},"2":{"type":"branch","line":34,"loc":{"start":{"line":34,"column":13},"end":{"line":34,"column":28}},"locations":[{"start":{"line":34,"column":13},"end":{"line":34,"column":28}}]},"3":{"type":"branch","line":34,"loc":{"start":{"line":34,"column":20},"end":{"line":34,"column":42}},"locations":[{"start":{"line":34,"column":20},"end":{"line":34,"column":42}}]},"4":{"type":"branch","line":34,"loc":{"start":{"line":34,"column":34},"end":{"line":34,"column":49}},"locations":[{"start":{"line":34,"column":34},"end":{"line":34,"column":49}}]}},"b":{"0":[4],"1":[5],"2":[0],"3":[0],"4":[4]},"fnMap":{"0":{"name":"mapStateToProps","decl":{"start":{"line":15,"column":24},"end":{"line":18,"column":3}},"loc":{"start":{"line":15,"column":24},"end":{"line":18,"column":3}},"line":15}},"f":{"0":4}}
,"C:\\Users\\anton.markov\\Documents\\JS\\Projects\\RSS_REACT2024Q3\\class-components\\src\\pages\\404.tsx": {"path":"C:\\Users\\anton.markov\\Documents\\JS\\Projects\\RSS_REACT2024Q3\\class-components\\src\\pages\\404.tsx","all":false,"statementMap":{"0":{"start":{"line":1,"column":0},"end":{"line":1,"column":46}},"1":{"start":{"line":2,"column":0},"end":{"line":2,"column":29}},"2":{"start":{"line":3,"column":0},"end":{"line":3,"column":58}},"4":{"start":{"line":5,"column":0},"end":{"line":5,"column":32}},"5":{"start":{"line":6,"column":0},"end":{"line":6,"column":41}},"6":{"start":{"line":7,"column":0},"end":{"line":7,"column":10}},"7":{"start":{"line":8,"column":0},"end":{"line":8,"column":6}},"8":{"start":{"line":9,"column":0},"end":{"line":9,"column":88}},"9":{"start":{"line":10,"column":0},"end":{"line":10,"column":35}},"10":{"start":{"line":11,"column":0},"end":{"line":11,"column":12}},"11":{"start":{"line":12,"column":0},"end":{"line":12,"column":61}},"12":{"start":{"line":13,"column":0},"end":{"line":13,"column":7}},"14":{"start":{"line":15,"column":0},"end":{"line":15,"column":1}},"16":{"start":{"line":17,"column":0},"end":{"line":17,"column":24}}},"s":{"0":1,"1":1,"2":1,"4":1,"5":1,"6":1,"7":1,"8":1,"9":1,"10":1,"11":1,"12":1,"14":1,"16":1},"branchMap":{"0":{"type":"branch","line":5,"loc":{"start":{"line":5,"column":0},"end":{"line":15,"column":1}},"locations":[{"start":{"line":5,"column":0},"end":{"line":15,"column":1}}]},"1":{"type":"branch","line":9,"loc":{"start":{"line":9,"column":45},"end":{"line":9,"column":59}},"locations":[{"start":{"line":9,"column":45},"end":{"line":9,"column":59}}]}},"b":{"0":[1],"1":[0]},"fnMap":{"0":{"name":"NotFound","decl":{"start":{"line":5,"column":0},"end":{"line":15,"column":1}},"loc":{"start":{"line":5,"column":0},"end":{"line":15,"column":1}},"line":5}},"f":{"0":1}}
,"C:\\Users\\anton.markov\\Documents\\JS\\Projects\\RSS_REACT2024Q3\\class-components\\src\\pages\\_app.tsx": {"path":"C:\\Users\\anton.markov\\Documents\\JS\\Projects\\RSS_REACT2024Q3\\class-components\\src\\pages\\_app.tsx","all":true,"statementMap":{"0":{"start":{"line":1,"column":0},"end":{"line":1,"column":36}},"1":{"start":{"line":2,"column":0},"end":{"line":2,"column":29}},"2":{"start":{"line":3,"column":0},"end":{"line":3,"column":40}},"3":{"start":{"line":4,"column":0},"end":{"line":4,"column":44}},"4":{"start":{"line":5,"column":0},"end":{"line":5,"column":42}},"5":{"start":{"line":6,"column":0},"end":{"line":6,"column":55}},"6":{"start":{"line":7,"column":0},"end":{"line":7,"column":58}},"7":{"start":{"line":8,"column":0},"end":{"line":8,"column":33}},"8":{"start":{"line":9,"column":0},"end":{"line":9,"column":51}},"9":{"start":{"line":10,"column":0},"end":{"line":10,"column":22}},"10":{"start":{"line":11,"column":0},"end":{"line":11,"column":20}},"12":{"start":{"line":13,"column":0},"end":{"line":13,"column":57}},"13":{"start":{"line":14,"column":0},"end":{"line":14,"column":29}},"14":{"start":{"line":15,"column":0},"end":{"line":15,"column":64}},"15":{"start":{"line":16,"column":0},"end":{"line":16,"column":45}},"16":{"start":{"line":17,"column":0},"end":{"line":17,"column":49}},"18":{"start":{"line":19,"column":0},"end":{"line":19,"column":32}},"19":{"start":{"line":20,"column":0},"end":{"line":20,"column":25}},"20":{"start":{"line":21,"column":0},"end":{"line":21,"column":20}},"24":{"start":{"line":25,"column":0},"end":{"line":25,"column":11}},"25":{"start":{"line":26,"column":0},"end":{"line":26,"column":25}},"26":{"start":{"line":27,"column":0},"end":{"line":27,"column":8}},"28":{"start":{"line":29,"column":0},"end":{"line":29,"column":25}},"29":{"start":{"line":30,"column":0},"end":{"line":30,"column":36}},"30":{"start":{"line":31,"column":0},"end":{"line":31,"column":7}},"31":{"start":{"line":32,"column":0},"end":{"line":32,"column":59}},"32":{"start":{"line":33,"column":0},"end":{"line":33,"column":46}},"33":{"start":{"line":34,"column":0},"end":{"line":34,"column":7}},"34":{"start":{"line":35,"column":0},"end":{"line":35,"column":19}},"35":{"start":{"line":36,"column":0},"end":{"line":36,"column":5}},"36":{"start":{"line":37,"column":0},"end":{"line":37,"column":16}},"37":{"start":{"line":38,"column":0},"end":{"line":38,"column":3}},"39":{"start":{"line":40,"column":0},"end":{"line":40,"column":19}},"40":{"start":{"line":41,"column":0},"end":{"line":41,"column":40}},"41":{"start":{"line":42,"column":0},"end":{"line":42,"column":80}},"42":{"start":{"line":43,"column":0},"end":{"line":43,"column":31}},"43":{"start":{"line":44,"column":0},"end":{"line":44,"column":5}},"44":{"start":{"line":45,"column":0},"end":{"line":45,"column":9}},"46":{"start":{"line":47,"column":0},"end":{"line":47,"column":10}},"47":{"start":{"line":48,"column":0},"end":{"line":48,"column":48}},"48":{"start":{"line":49,"column":0},"end":{"line":49,"column":21}},"49":{"start":{"line":50,"column":0},"end":{"line":50,"column":16}},"50":{"start":{"line":51,"column":0},"end":{"line":51,"column":54}},"51":{"start":{"line":52,"column":0},"end":{"line":52,"column":18}},"52":{"start":{"line":53,"column":0},"end":{"line":53,"column":38}},"53":{"start":{"line":54,"column":0},"end":{"line":54,"column":19}},"54":{"start":{"line":55,"column":0},"end":{"line":55,"column":38}},"55":{"start":{"line":56,"column":0},"end":{"line":56,"column":31}},"56":{"start":{"line":57,"column":0},"end":{"line":57,"column":44}},"57":{"start":{"line":58,"column":0},"end":{"line":58,"column":16}},"58":{"start":{"line":59,"column":0},"end":{"line":59,"column":19}},"59":{"start":{"line":60,"column":0},"end":{"line":60,"column":26}},"60":{"start":{"line":61,"column":0},"end":{"line":61,"column":32}},"61":{"start":{"line":62,"column":0},"end":{"line":62,"column":29}},"62":{"start":{"line":63,"column":0},"end":{"line":63,"column":41}},"63":{"start":{"line":64,"column":0},"end":{"line":64,"column":16}},"64":{"start":{"line":65,"column":0},"end":{"line":65,"column":19}},"65":{"start":{"line":66,"column":0},"end":{"line":66,"column":26}},"66":{"start":{"line":67,"column":0},"end":{"line":67,"column":32}},"67":{"start":{"line":68,"column":0},"end":{"line":68,"column":29}},"68":{"start":{"line":69,"column":0},"end":{"line":69,"column":41}},"69":{"start":{"line":70,"column":0},"end":{"line":70,"column":16}},"70":{"start":{"line":71,"column":0},"end":{"line":71,"column":19}},"71":{"start":{"line":72,"column":0},"end":{"line":72,"column":31}},"72":{"start":{"line":73,"column":0},"end":{"line":73,"column":63}},"73":{"start":{"line":74,"column":0},"end":{"line":74,"column":16}},"74":{"start":{"line":75,"column":0},"end":{"line":75,"column":42}},"75":{"start":{"line":76,"column":0},"end":{"line":76,"column":19}},"76":{"start":{"line":77,"column":0},"end":{"line":77,"column":40}},"77":{"start":{"line":78,"column":0},"end":{"line":78,"column":25}},"78":{"start":{"line":79,"column":0},"end":{"line":79,"column":17}},"79":{"start":{"line":80,"column":0},"end":{"line":80,"column":22}},"80":{"start":{"line":81,"column":0},"end":{"line":81,"column":19}},"82":{"start":{"line":83,"column":0},"end":{"line":83,"column":1}},"84":{"start":{"line":85,"column":0},"end":{"line":85,"column":30}}},"s":{"0":0,"1":0,"2":0,"3":0,"4":0,"5":0,"6":0,"7":0,"8":0,"9":0,"10":0,"12":0,"13":0,"14":0,"15":0,"16":0,"18":0,"19":0,"20":0,"24":0,"25":0,"26":0,"28":0,"29":0,"30":0,"31":0,"32":0,"33":0,"34":0,"35":0,"36":0,"37":0,"39":0,"40":0,"41":0,"42":0,"43":0,"44":0,"46":0,"47":0,"48":0,"49":0,"50":0,"51":0,"52":0,"53":0,"54":0,"55":0,"56":0,"57":0,"58":0,"59":0,"60":0,"61":0,"62":0,"63":0,"64":0,"65":0,"66":0,"67":0,"68":0,"69":0,"70":0,"71":0,"72":0,"73":0,"74":0,"75":0,"76":0,"77":0,"78":0,"79":0,"80":0,"82":0,"84":0},"branchMap":{"0":{"type":"branch","line":1,"loc":{"start":{"line":1,"column":0},"end":{"line":85,"column":-901}},"locations":[{"start":{"line":1,"column":0},"end":{"line":85,"column":-901}}]}},"b":{"0":[0]},"fnMap":{"0":{"name":"(empty-report)","decl":{"start":{"line":1,"column":0},"end":{"line":85,"column":-901}},"loc":{"start":{"line":1,"column":0},"end":{"line":85,"column":-901}},"line":1}},"f":{"0":0}}
,"C:\\Users\\anton.markov\\Documents\\JS\\Projects\\RSS_REACT2024Q3\\class-components\\src\\pages\\index.tsx": {"path":"C:\\Users\\anton.markov\\Documents\\JS\\Projects\\RSS_REACT2024Q3\\class-components\\src\\pages\\index.tsx","all":false,"statementMap":{"0":{"start":{"line":1,"column":0},"end":{"line":1,"column":67}},"1":{"start":{"line":2,"column":0},"end":{"line":2,"column":55}},"2":{"start":{"line":3,"column":0},"end":{"line":3,"column":40}},"5":{"start":{"line":6,"column":0},"end":{"line":6,"column":38}},"6":{"start":{"line":7,"column":0},"end":{"line":7,"column":58}},"7":{"start":{"line":8,"column":0},"end":{"line":8,"column":54}},"8":{"start":{"line":9,"column":0},"end":{"line":9,"column":56}},"9":{"start":{"line":10,"column":0},"end":{"line":10,"column":50}},"10":{"start":{"line":11,"column":0},"end":{"line":11,"column":51}},"11":{"start":{"line":12,"column":0},"end":{"line":12,"column":62}},"12":{"start":{"line":13,"column":0},"end":{"line":13,"column":56}},"18":{"start":{"line":19,"column":0},"end":{"line":19,"column":31}},"19":{"start":{"line":20,"column":0},"end":{"line":20,"column":42}},"21":{"start":{"line":22,"column":0},"end":{"line":22,"column":78}},"22":{"start":{"line":23,"column":0},"end":{"line":23,"column":47}},"23":{"start":{"line":24,"column":0},"end":{"line":24,"column":132}},"24":{"start":{"line":25,"column":0},"end":{"line":25,"column":39}},"25":{"start":{"line":26,"column":0},"end":{"line":26,"column":35}},"26":{"start":{"line":27,"column":0},"end":{"line":27,"column":38}},"27":{"start":{"line":28,"column":0},"end":{"line":28,"column":29}},"28":{"start":{"line":29,"column":0},"end":{"line":29,"column":21}},"29":{"start":{"line":30,"column":0},"end":{"line":30,"column":40}},"30":{"start":{"line":31,"column":0},"end":{"line":31,"column":26}},"31":{"start":{"line":32,"column":0},"end":{"line":32,"column":51}},"32":{"start":{"line":33,"column":0},"end":{"line":33,"column":22}},"33":{"start":{"line":34,"column":0},"end":{"line":34,"column":7}},"34":{"start":{"line":35,"column":0},"end":{"line":35,"column":3}},"36":{"start":{"line":37,"column":0},"end":{"line":37,"column":29}},"37":{"start":{"line":38,"column":0},"end":{"line":38,"column":1}},"39":{"start":{"line":40,"column":0},"end":{"line":40,"column":74}},"40":{"start":{"line":41,"column":0},"end":{"line":41,"column":50}},"41":{"start":{"line":42,"column":0},"end":{"line":42,"column":51}},"42":{"start":{"line":43,"column":0},"end":{"line":43,"column":33}},"43":{"start":{"line":44,"column":0},"end":{"line":44,"column":29}},"44":{"start":{"line":45,"column":0},"end":{"line":45,"column":41}},"45":{"start":{"line":46,"column":0},"end":{"line":46,"column":67}},"46":{"start":{"line":47,"column":0},"end":{"line":47,"column":61}},"47":{"start":{"line":48,"column":0},"end":{"line":48,"column":49}},"48":{"start":{"line":49,"column":0},"end":{"line":49,"column":47}},"50":{"start":{"line":51,"column":0},"end":{"line":51,"column":19}},"51":{"start":{"line":52,"column":0},"end":{"line":52,"column":42}},"52":{"start":{"line":53,"column":0},"end":{"line":53,"column":28}},"53":{"start":{"line":54,"column":0},"end":{"line":54,"column":40}},"54":{"start":{"line":55,"column":0},"end":{"line":55,"column":7}},"55":{"start":{"line":56,"column":0},"end":{"line":56,"column":6}},"56":{"start":{"line":57,"column":0},"end":{"line":57,"column":45}},"57":{"start":{"line":58,"column":0},"end":{"line":58,"column":39}},"58":{"start":{"line":59,"column":0},"end":{"line":59,"column":6}},"59":{"start":{"line":60,"column":0},"end":{"line":60,"column":65}},"60":{"start":{"line":61,"column":0},"end":{"line":61,"column":71}},"62":{"start":{"line":63,"column":0},"end":{"line":63,"column":18}},"63":{"start":{"line":64,"column":0},"end":{"line":64,"column":68}},"64":{"start":{"line":65,"column":0},"end":{"line":65,"column":74}},"65":{"start":{"line":66,"column":0},"end":{"line":66,"column":6}},"66":{"start":{"line":67,"column":0},"end":{"line":67,"column":35}},"68":{"start":{"line":69,"column":0},"end":{"line":69,"column":19}},"69":{"start":{"line":70,"column":0},"end":{"line":70,"column":34}},"70":{"start":{"line":71,"column":0},"end":{"line":71,"column":31}},"71":{"start":{"line":72,"column":0},"end":{"line":72,"column":19}},"72":{"start":{"line":73,"column":0},"end":{"line":73,"column":45}},"73":{"start":{"line":74,"column":0},"end":{"line":74,"column":32}},"74":{"start":{"line":75,"column":0},"end":{"line":75,"column":79}},"75":{"start":{"line":76,"column":0},"end":{"line":76,"column":10}},"76":{"start":{"line":77,"column":0},"end":{"line":77,"column":42}},"77":{"start":{"line":78,"column":0},"end":{"line":78,"column":21}},"78":{"start":{"line":79,"column":0},"end":{"line":79,"column":41}},"79":{"start":{"line":80,"column":0},"end":{"line":80,"column":9}},"80":{"start":{"line":81,"column":0},"end":{"line":81,"column":8}},"82":{"start":{"line":83,"column":0},"end":{"line":83,"column":26}},"83":{"start":{"line":84,"column":0},"end":{"line":84,"column":5}},"84":{"start":{"line":85,"column":0},"end":{"line":85,"column":25}},"85":{"start":{"line":86,"column":0},"end":{"line":86,"column":14}},"86":{"start":{"line":87,"column":0},"end":{"line":87,"column":29}},"87":{"start":{"line":88,"column":0},"end":{"line":88,"column":46}},"88":{"start":{"line":89,"column":0},"end":{"line":89,"column":78}},"89":{"start":{"line":90,"column":0},"end":{"line":90,"column":7}},"90":{"start":{"line":91,"column":0},"end":{"line":91,"column":3}},"92":{"start":{"line":93,"column":0},"end":{"line":93,"column":19}},"93":{"start":{"line":94,"column":0},"end":{"line":94,"column":35}},"94":{"start":{"line":95,"column":0},"end":{"line":95,"column":3}},"96":{"start":{"line":97,"column":0},"end":{"line":97,"column":10}},"97":{"start":{"line":98,"column":0},"end":{"line":98,"column":72}},"98":{"start":{"line":99,"column":0},"end":{"line":99,"column":74}},"99":{"start":{"line":100,"column":0},"end":{"line":100,"column":68}},"100":{"start":{"line":101,"column":0},"end":{"line":101,"column":25}},"102":{"start":{"line":103,"column":0},"end":{"line":103,"column":31}},"103":{"start":{"line":104,"column":0},"end":{"line":104,"column":44}},"104":{"start":{"line":105,"column":0},"end":{"line":105,"column":68}},"105":{"start":{"line":106,"column":0},"end":{"line":106,"column":69}},"106":{"start":{"line":107,"column":0},"end":{"line":107,"column":12}},"107":{"start":{"line":108,"column":0},"end":{"line":108,"column":42}},"108":{"start":{"line":109,"column":0},"end":{"line":109,"column":11}},"110":{"start":{"line":111,"column":0},"end":{"line":111,"column":1}}},"s":{"0":1,"1":1,"2":1,"5":1,"6":1,"7":1,"8":1,"9":1,"10":1,"11":1,"12":1,"18":1,"19":1,"21":0,"22":0,"23":0,"24":0,"25":0,"26":0,"27":0,"28":0,"29":0,"30":0,"31":0,"32":0,"33":0,"34":0,"36":0,"37":0,"39":19,"40":19,"41":19,"42":19,"43":19,"44":19,"45":19,"46":19,"47":19,"48":19,"50":19,"51":9,"52":0,"53":0,"54":0,"55":0,"56":9,"57":0,"58":0,"59":9,"60":9,"62":9,"63":9,"64":9,"65":9,"66":19,"68":19,"69":10,"70":10,"71":10,"72":0,"73":0,"74":0,"75":0,"76":0,"77":0,"78":0,"79":0,"80":0,"82":0,"83":0,"84":19,"85":19,"86":19,"87":18,"88":170,"89":18,"90":18,"92":19,"93":4,"94":4,"96":14,"97":19,"98":19,"99":19,"100":1,"102":19,"103":19,"104":19,"105":19,"106":19,"107":19,"108":19,"110":19},"branchMap":{"0":{"type":"branch","line":40,"loc":{"start":{"line":40,"column":0},"end":{"line":111,"column":1}},"locations":[{"start":{"line":40,"column":0},"end":{"line":111,"column":1}}]},"1":{"type":"branch","line":87,"loc":{"start":{"line":87,"column":6},"end":{"line":87,"column":28}},"locations":[{"start":{"line":87,"column":6},"end":{"line":87,"column":28}}]},"2":{"type":"branch","line":87,"loc":{"start":{"line":87,"column":28},"end":{"line":93,"column":18}},"locations":[{"start":{"line":87,"column":28},"end":{"line":93,"column":18}}]},"3":{"type":"branch","line":93,"loc":{"start":{"line":93,"column":18},"end":{"line":95,"column":3}},"locations":[{"start":{"line":93,"column":18},"end":{"line":95,"column":3}}]},"4":{"type":"branch","line":95,"loc":{"start":{"line":95,"column":2},"end":{"line":98,"column":65}},"locations":[{"start":{"line":95,"column":2},"end":{"line":98,"column":65}}]},"5":{"type":"branch","line":98,"loc":{"start":{"line":98,"column":58},"end":{"line":98,"column":72}},"locations":[{"start":{"line":98,"column":58},"end":{"line":98,"column":72}}]},"6":{"type":"branch","line":99,"loc":{"start":{"line":99,"column":13},"end":{"line":99,"column":39}},"locations":[{"start":{"line":99,"column":13},"end":{"line":99,"column":39}}]},"7":{"type":"branch","line":99,"loc":{"start":{"line":99,"column":26},"end":{"line":99,"column":74}},"locations":[{"start":{"line":99,"column":26},"end":{"line":99,"column":74}}]},"8":{"type":"branch","line":100,"loc":{"start":{"line":100,"column":13},"end":{"line":100,"column":53}},"locations":[{"start":{"line":100,"column":13},"end":{"line":100,"column":53}}]},"9":{"type":"branch","line":100,"loc":{"start":{"line":100,"column":47},"end":{"line":100,"column":68}},"locations":[{"start":{"line":100,"column":47},"end":{"line":100,"column":68}}]},"10":{"type":"branch","line":100,"loc":{"start":{"line":100,"column":54},"end":{"line":101,"column":25}},"locations":[{"start":{"line":100,"column":54},"end":{"line":101,"column":25}}]},"11":{"type":"branch","line":103,"loc":{"start":{"line":103,"column":7},"end":{"line":103,"column":31}},"locations":[{"start":{"line":103,"column":7},"end":{"line":103,"column":31}}]},"12":{"type":"branch","line":105,"loc":{"start":{"line":105,"column":41},"end":{"line":105,"column":62}},"locations":[{"start":{"line":105,"column":41},"end":{"line":105,"column":62}}]},"13":{"type":"branch","line":106,"loc":{"start":{"line":106,"column":11},"end":{"line":106,"column":69}},"locations":[{"start":{"line":106,"column":11},"end":{"line":106,"column":69}}]},"14":{"type":"branch","line":108,"loc":{"start":{"line":108,"column":21},"end":{"line":108,"column":42}},"locations":[{"start":{"line":108,"column":21},"end":{"line":108,"column":42}}]},"15":{"type":"branch","line":51,"loc":{"start":{"line":51,"column":12},"end":{"line":67,"column":5}},"locations":[{"start":{"line":51,"column":12},"end":{"line":67,"column":5}}]},"16":{"type":"branch","line":63,"loc":{"start":{"line":63,"column":11},"end":{"line":66,"column":6}},"locations":[{"start":{"line":63,"column":11},"end":{"line":66,"column":6}}]},"17":{"type":"branch","line":69,"loc":{"start":{"line":69,"column":12},"end":{"line":85,"column":5}},"locations":[{"start":{"line":69,"column":12},"end":{"line":85,"column":5}}]},"18":{"type":"branch","line":72,"loc":{"start":{"line":72,"column":18},"end":{"line":84,"column":5}},"locations":[{"start":{"line":72,"column":18},"end":{"line":84,"column":5}}]},"19":{"type":"branch","line":88,"loc":{"start":{"line":88,"column":31},"end":{"line":89,"column":78}},"locations":[{"start":{"line":88,"column":31},"end":{"line":89,"column":78}}]}},"b":{"0":[19],"1":[18],"2":[18],"3":[4],"4":[14],"5":[3],"6":[1],"7":[13],"8":[14],"9":[1],"10":[1],"11":[6],"12":[8],"13":[0],"14":[1],"15":[9],"16":[9],"17":[10],"18":[0],"19":[170]},"fnMap":{"0":{"name":"getServerSideProps","decl":{"start":{"line":22,"column":0},"end":{"line":38,"column":1}},"loc":{"start":{"line":22,"column":0},"end":{"line":38,"column":1}},"line":22},"1":{"name":"Main","decl":{"start":{"line":40,"column":0},"end":{"line":111,"column":1}},"loc":{"start":{"line":40,"column":0},"end":{"line":111,"column":1}},"line":40},"2":{"name":"handleRouteChangeStart","decl":{"start":{"line":52,"column":35},"end":{"line":56,"column":6}},"loc":{"start":{"line":52,"column":35},"end":{"line":56,"column":6}},"line":52},"3":{"name":"handleRouteChangeComplete","decl":{"start":{"line":57,"column":38},"end":{"line":59,"column":6}},"loc":{"start":{"line":57,"column":38},"end":{"line":59,"column":6}},"line":57},"4":{"name":"fetchDetailedCard","decl":{"start":{"line":73,"column":32},"end":{"line":81,"column":8}},"loc":{"start":{"line":73,"column":32},"end":{"line":81,"column":8}},"line":73}},"f":{"0":0,"1":19,"2":0,"3":0,"4":0}}
,"C:\\Users\\anton.markov\\Documents\\JS\\Projects\\RSS_REACT2024Q3\\class-components\\src\\pages\\api\\getSingleCard.ts": {"path":"C:\\Users\\anton.markov\\Documents\\JS\\Projects\\RSS_REACT2024Q3\\class-components\\src\\pages\\api\\getSingleCard.ts","all":true,"statementMap":{"2":{"start":{"line":3,"column":0},"end":{"line":3,"column":38}},"3":{"start":{"line":4,"column":0},"end":{"line":4,"column":22}},"4":{"start":{"line":5,"column":0},"end":{"line":5,"column":22}},"5":{"start":{"line":6,"column":0},"end":{"line":6,"column":3}},"6":{"start":{"line":7,"column":0},"end":{"line":7,"column":33}},"7":{"start":{"line":8,"column":0},"end":{"line":8,"column":11}},"8":{"start":{"line":9,"column":0},"end":{"line":9,"column":72}},"9":{"start":{"line":10,"column":0},"end":{"line":10,"column":39}},"10":{"start":{"line":11,"column":0},"end":{"line":11,"column":31}},"11":{"start":{"line":12,"column":0},"end":{"line":12,"column":3}},"12":{"start":{"line":13,"column":0},"end":{"line":13,"column":1}}},"s":{"2":0,"3":0,"4":0,"5":0,"6":0,"7":0,"8":0,"9":0,"10":0,"11":0,"12":0},"branchMap":{"0":{"type":"branch","line":1,"loc":{"start":{"line":1,"column":354},"end":{"line":13,"column":1}},"locations":[{"start":{"line":1,"column":354},"end":{"line":13,"column":1}}]}},"b":{"0":[1]},"fnMap":{"0":{"name":"(empty-report)","decl":{"start":{"line":1,"column":354},"end":{"line":13,"column":1}},"loc":{"start":{"line":1,"column":354},"end":{"line":13,"column":1}},"line":1}},"f":{"0":1}}
,"C:\\Users\\anton.markov\\Documents\\JS\\Projects\\RSS_REACT2024Q3\\class-components\\src\\slices\\errorSlice.tsx": {"path":"C:\\Users\\anton.markov\\Documents\\JS\\Projects\\RSS_REACT2024Q3\\class-components\\src\\slices\\errorSlice.tsx","all":false,"statementMap":{"0":{"start":{"line":1,"column":0},"end":{"line":1,"column":38}},"2":{"start":{"line":3,"column":0},"end":{"line":3,"column":47}},"5":{"start":{"line":6,"column":0},"end":{"line":6,"column":22}},"6":{"start":{"line":7,"column":0},"end":{"line":7,"column":23}},"7":{"start":{"line":8,"column":0},"end":{"line":8,"column":20}},"8":{"start":{"line":9,"column":0},"end":{"line":9,"column":2}},"10":{"start":{"line":11,"column":0},"end":{"line":11,"column":32}},"11":{"start":{"line":12,"column":0},"end":{"line":12,"column":21}},"12":{"start":{"line":13,"column":0},"end":{"line":13,"column":15}},"13":{"start":{"line":14,"column":0},"end":{"line":14,"column":13}},"14":{"start":{"line":15,"column":0},"end":{"line":15,"column":32}},"15":{"start":{"line":16,"column":0},"end":{"line":16,"column":49}},"16":{"start":{"line":17,"column":0},"end":{"line":17,"column":6}},"17":{"start":{"line":18,"column":0},"end":{"line":18,"column":34}},"18":{"start":{"line":19,"column":0},"end":{"line":19,"column":43}},"19":{"start":{"line":20,"column":0},"end":{"line":20,"column":6}},"20":{"start":{"line":21,"column":0},"end":{"line":21,"column":4}},"21":{"start":{"line":22,"column":0},"end":{"line":22,"column":3}},"23":{"start":{"line":24,"column":0},"end":{"line":24,"column":56}},"24":{"start":{"line":25,"column":0},"end":{"line":25,"column":29}},"25":{"start":{"line":26,"column":0},"end":{"line":26,"column":78}},"26":{"start":{"line":27,"column":0},"end":{"line":27,"column":71}},"28":{"start":{"line":29,"column":0},"end":{"line":29,"column":34}}},"s":{"0":1,"2":1,"5":1,"6":1,"7":1,"8":1,"10":1,"11":1,"12":1,"13":1,"14":1,"15":0,"16":0,"17":1,"18":0,"19":0,"20":1,"21":1,"23":1,"24":16,"25":1,"26":1,"28":1},"branchMap":{"0":{"type":"branch","line":24,"loc":{"start":{"line":24,"column":35},"end":{"line":25,"column":29}},"locations":[{"start":{"line":24,"column":35},"end":{"line":25,"column":29}}]},"1":{"type":"branch","line":26,"loc":{"start":{"line":26,"column":32},"end":{"line":26,"column":78}},"locations":[{"start":{"line":26,"column":32},"end":{"line":26,"column":78}}]}},"b":{"0":[16],"1":[35]},"fnMap":{"0":{"name":"toggleAppError","decl":{"start":{"line":15,"column":20},"end":{"line":17,"column":6}},"loc":{"start":{"line":15,"column":20},"end":{"line":17,"column":6}},"line":15},"1":{"name":"toggleFetchError","decl":{"start":{"line":18,"column":22},"end":{"line":20,"column":6}},"loc":{"start":{"line":18,"column":22},"end":{"line":20,"column":6}},"line":18},"2":{"name":"selectWholeAppError","decl":{"start":{"line":24,"column":35},"end":{"line":25,"column":29}},"loc":{"start":{"line":24,"column":35},"end":{"line":25,"column":29}},"line":24},"3":{"name":"selectFetchError","decl":{"start":{"line":26,"column":32},"end":{"line":26,"column":78}},"loc":{"start":{"line":26,"column":32},"end":{"line":26,"column":78}},"line":26}},"f":{"0":0,"1":0,"2":16,"3":35}}
,"C:\\Users\\anton.markov\\Documents\\JS\\Projects\\RSS_REACT2024Q3\\class-components\\src\\slices\\headerSlice.tsx": {"path":"C:\\Users\\anton.markov\\Documents\\JS\\Projects\\RSS_REACT2024Q3\\class-components\\src\\slices\\headerSlice.tsx","all":false,"statementMap":{"0":{"start":{"line":1,"column":0},"end":{"line":1,"column":38}},"2":{"start":{"line":3,"column":0},"end":{"line":3,"column":47}},"5":{"start":{"line":6,"column":0},"end":{"line":6,"column":33}},"6":{"start":{"line":7,"column":0},"end":{"line":7,"column":17}},"7":{"start":{"line":8,"column":0},"end":{"line":8,"column":17}},"8":{"start":{"line":9,"column":0},"end":{"line":9,"column":13}},"9":{"start":{"line":10,"column":0},"end":{"line":10,"column":13}},"10":{"start":{"line":11,"column":0},"end":{"line":11,"column":12}},"11":{"start":{"line":12,"column":0},"end":{"line":12,"column":19}},"12":{"start":{"line":13,"column":0},"end":{"line":13,"column":26}},"13":{"start":{"line":14,"column":0},"end":{"line":14,"column":20}},"14":{"start":{"line":15,"column":0},"end":{"line":15,"column":4}},"15":{"start":{"line":16,"column":0},"end":{"line":16,"column":13}},"16":{"start":{"line":17,"column":0},"end":{"line":17,"column":36}},"17":{"start":{"line":18,"column":0},"end":{"line":18,"column":38}},"18":{"start":{"line":19,"column":0},"end":{"line":19,"column":24}},"19":{"start":{"line":20,"column":0},"end":{"line":20,"column":6}},"20":{"start":{"line":21,"column":0},"end":{"line":21,"column":36}},"21":{"start":{"line":22,"column":0},"end":{"line":22,"column":38}},"22":{"start":{"line":23,"column":0},"end":{"line":23,"column":24}},"23":{"start":{"line":24,"column":0},"end":{"line":24,"column":6}},"24":{"start":{"line":25,"column":0},"end":{"line":25,"column":36}},"25":{"start":{"line":26,"column":0},"end":{"line":26,"column":38}},"26":{"start":{"line":27,"column":0},"end":{"line":27,"column":24}},"27":{"start":{"line":28,"column":0},"end":{"line":28,"column":6}},"28":{"start":{"line":29,"column":0},"end":{"line":29,"column":40}},"29":{"start":{"line":30,"column":0},"end":{"line":30,"column":42}},"30":{"start":{"line":31,"column":0},"end":{"line":31,"column":32}},"31":{"start":{"line":32,"column":0},"end":{"line":32,"column":6}},"32":{"start":{"line":33,"column":0},"end":{"line":33,"column":42}},"33":{"start":{"line":34,"column":0},"end":{"line":34,"column":45}},"34":{"start":{"line":35,"column":0},"end":{"line":35,"column":6}},"35":{"start":{"line":36,"column":0},"end":{"line":36,"column":41}},"36":{"start":{"line":37,"column":0},"end":{"line":37,"column":39}},"37":{"start":{"line":38,"column":0},"end":{"line":38,"column":6}},"38":{"start":{"line":39,"column":0},"end":{"line":39,"column":4}},"39":{"start":{"line":40,"column":0},"end":{"line":40,"column":3}},"41":{"start":{"line":42,"column":0},"end":{"line":42,"column":62}},"42":{"start":{"line":43,"column":0},"end":{"line":43,"column":59}},"43":{"start":{"line":44,"column":0},"end":{"line":44,"column":59}},"44":{"start":{"line":45,"column":0},"end":{"line":45,"column":67}},"45":{"start":{"line":46,"column":0},"end":{"line":46,"column":69}},"46":{"start":{"line":47,"column":0},"end":{"line":47,"column":51}},"47":{"start":{"line":48,"column":0},"end":{"line":48,"column":31}},"49":{"start":{"line":50,"column":0},"end":{"line":50,"column":14}},"50":{"start":{"line":51,"column":0},"end":{"line":51,"column":13}},"51":{"start":{"line":52,"column":0},"end":{"line":52,"column":13}},"52":{"start":{"line":53,"column":0},"end":{"line":53,"column":13}},"53":{"start":{"line":54,"column":0},"end":{"line":54,"column":17}},"54":{"start":{"line":55,"column":0},"end":{"line":55,"column":19}},"55":{"start":{"line":56,"column":0},"end":{"line":56,"column":18}},"56":{"start":{"line":57,"column":0},"end":{"line":57,"column":24}},"65":{"start":{"line":66,"column":0},"end":{"line":66,"column":35}}},"s":{"0":1,"2":1,"5":1,"6":1,"7":1,"8":1,"9":1,"10":1,"11":1,"12":1,"13":1,"14":1,"15":1,"16":1,"17":1,"18":1,"19":1,"20":1,"21":0,"22":0,"23":0,"24":1,"25":0,"26":0,"27":0,"28":1,"29":0,"30":0,"31":0,"32":1,"33":2,"34":2,"35":1,"36":2,"37":2,"38":1,"39":1,"41":1,"42":1,"43":1,"44":1,"45":1,"46":1,"47":35,"49":1,"50":1,"51":1,"52":1,"53":1,"54":1,"55":1,"56":1,"65":1},"branchMap":{"0":{"type":"branch","line":17,"loc":{"start":{"line":17,"column":16},"end":{"line":20,"column":6}},"locations":[{"start":{"line":17,"column":16},"end":{"line":20,"column":6}}]},"1":{"type":"branch","line":33,"loc":{"start":{"line":33,"column":22},"end":{"line":35,"column":6}},"locations":[{"start":{"line":33,"column":22},"end":{"line":35,"column":6}}]},"2":{"type":"branch","line":36,"loc":{"start":{"line":36,"column":21},"end":{"line":38,"column":6}},"locations":[{"start":{"line":36,"column":21},"end":{"line":38,"column":6}}]},"3":{"type":"branch","line":45,"loc":{"start":{"line":45,"column":23},"end":{"line":45,"column":67}},"locations":[{"start":{"line":45,"column":23},"end":{"line":45,"column":67}}]},"4":{"type":"branch","line":46,"loc":{"start":{"line":46,"column":24},"end":{"line":46,"column":69}},"locations":[{"start":{"line":46,"column":24},"end":{"line":46,"column":69}}]},"5":{"type":"branch","line":47,"loc":{"start":{"line":47,"column":30},"end":{"line":48,"column":31}},"locations":[{"start":{"line":47,"column":30},"end":{"line":48,"column":31}}]}},"b":{"0":[1],"1":[2],"2":[2],"3":[35],"4":[29],"5":[35]},"fnMap":{"0":{"name":"updateType","decl":{"start":{"line":17,"column":16},"end":{"line":20,"column":6}},"loc":{"start":{"line":17,"column":16},"end":{"line":20,"column":6}},"line":17},"1":{"name":"updateText","decl":{"start":{"line":21,"column":16},"end":{"line":24,"column":6}},"loc":{"start":{"line":21,"column":16},"end":{"line":24,"column":6}},"line":21},"2":{"name":"updatePage","decl":{"start":{"line":25,"column":16},"end":{"line":28,"column":6}},"loc":{"start":{"line":25,"column":16},"end":{"line":28,"column":6}},"line":25},"3":{"name":"updateSingleId","decl":{"start":{"line":29,"column":20},"end":{"line":32,"column":6}},"loc":{"start":{"line":29,"column":20},"end":{"line":32,"column":6}},"line":29},"4":{"name":"updateShowLoader","decl":{"start":{"line":33,"column":22},"end":{"line":35,"column":6}},"loc":{"start":{"line":33,"column":22},"end":{"line":35,"column":6}},"line":33},"5":{"name":"updateIsLoading","decl":{"start":{"line":36,"column":21},"end":{"line":38,"column":6}},"loc":{"start":{"line":36,"column":21},"end":{"line":38,"column":6}},"line":36},"6":{"name":"selectPageNum","decl":{"start":{"line":42,"column":22},"end":{"line":42,"column":62}},"loc":{"start":{"line":42,"column":22},"end":{"line":42,"column":62}},"line":42},"7":{"name":"selectType","decl":{"start":{"line":43,"column":19},"end":{"line":43,"column":59}},"loc":{"start":{"line":43,"column":19},"end":{"line":43,"column":59}},"line":43},"8":{"name":"selectText","decl":{"start":{"line":44,"column":19},"end":{"line":44,"column":59}},"loc":{"start":{"line":44,"column":19},"end":{"line":44,"column":59}},"line":44},"9":{"name":"selectSingleId","decl":{"start":{"line":45,"column":23},"end":{"line":45,"column":67}},"loc":{"start":{"line":45,"column":23},"end":{"line":45,"column":67}},"line":45},"10":{"name":"selectIsLoading","decl":{"start":{"line":46,"column":24},"end":{"line":46,"column":69}},"loc":{"start":{"line":46,"column":24},"end":{"line":46,"column":69}},"line":46},"11":{"name":"selectShallShowLoader","decl":{"start":{"line":47,"column":30},"end":{"line":48,"column":31}},"loc":{"start":{"line":47,"column":30},"end":{"line":48,"column":31}},"line":47}},"f":{"0":1,"1":0,"2":0,"3":0,"4":2,"5":2,"6":0,"7":0,"8":0,"9":35,"10":29,"11":35}}
,"C:\\Users\\anton.markov\\Documents\\JS\\Projects\\RSS_REACT2024Q3\\class-components\\src\\slices\\selectedItemsSlice.tsx": {"path":"C:\\Users\\anton.markov\\Documents\\JS\\Projects\\RSS_REACT2024Q3\\class-components\\src\\slices\\selectedItemsSlice.tsx","all":false,"statementMap":{"0":{"start":{"line":1,"column":0},"end":{"line":1,"column":38}},"2":{"start":{"line":3,"column":0},"end":{"line":3,"column":47}},"5":{"start":{"line":6,"column":0},"end":{"line":6,"column":41}},"6":{"start":{"line":7,"column":0},"end":{"line":7,"column":18}},"7":{"start":{"line":8,"column":0},"end":{"line":8,"column":2}},"9":{"start":{"line":10,"column":0},"end":{"line":10,"column":40}},"10":{"start":{"line":11,"column":0},"end":{"line":11,"column":24}},"11":{"start":{"line":12,"column":0},"end":{"line":12,"column":15}},"12":{"start":{"line":13,"column":0},"end":{"line":13,"column":13}},"13":{"start":{"line":14,"column":0},"end":{"line":14,"column":33}},"14":{"start":{"line":15,"column":0},"end":{"line":15,"column":32}},"15":{"start":{"line":16,"column":0},"end":{"line":16,"column":53}},"16":{"start":{"line":17,"column":0},"end":{"line":17,"column":6}},"17":{"start":{"line":18,"column":0},"end":{"line":18,"column":36}},"18":{"start":{"line":19,"column":0},"end":{"line":19,"column":51}},"19":{"start":{"line":20,"column":0},"end":{"line":20,"column":43}},"20":{"start":{"line":21,"column":0},"end":{"line":21,"column":8}},"21":{"start":{"line":22,"column":0},"end":{"line":22,"column":6}},"22":{"start":{"line":23,"column":0},"end":{"line":23,"column":34}},"23":{"start":{"line":24,"column":0},"end":{"line":24,"column":4}},"24":{"start":{"line":25,"column":0},"end":{"line":25,"column":3}},"26":{"start":{"line":27,"column":0},"end":{"line":27,"column":51}},"27":{"start":{"line":28,"column":0},"end":{"line":28,"column":34}},"28":{"start":{"line":29,"column":0},"end":{"line":29,"column":77}},"30":{"start":{"line":31,"column":0},"end":{"line":31,"column":42}}},"s":{"0":1,"2":1,"5":1,"6":1,"7":1,"9":1,"10":1,"11":1,"12":1,"13":1,"14":2,"15":2,"16":2,"17":1,"18":1,"19":1,"20":1,"21":1,"22":1,"23":1,"24":1,"26":1,"27":159,"28":1,"30":1},"branchMap":{"0":{"type":"branch","line":14,"loc":{"start":{"line":14,"column":13},"end":{"line":17,"column":6}},"locations":[{"start":{"line":14,"column":13},"end":{"line":17,"column":6}}]},"1":{"type":"branch","line":18,"loc":{"start":{"line":18,"column":16},"end":{"line":22,"column":6}},"locations":[{"start":{"line":18,"column":16},"end":{"line":22,"column":6}}]},"2":{"type":"branch","line":20,"loc":{"start":{"line":20,"column":8},"end":{"line":20,"column":43}},"locations":[{"start":{"line":20,"column":8},"end":{"line":20,"column":43}}]},"3":{"type":"branch","line":27,"loc":{"start":{"line":27,"column":30},"end":{"line":28,"column":34}},"locations":[{"start":{"line":27,"column":30},"end":{"line":28,"column":34}}]}},"b":{"0":[2],"1":[1],"2":[1],"3":[159]},"fnMap":{"0":{"name":"addItem","decl":{"start":{"line":14,"column":13},"end":{"line":17,"column":6}},"loc":{"start":{"line":14,"column":13},"end":{"line":17,"column":6}},"line":14},"1":{"name":"removeItem","decl":{"start":{"line":18,"column":16},"end":{"line":22,"column":6}},"loc":{"start":{"line":18,"column":16},"end":{"line":22,"column":6}},"line":18},"2":{"name":"clearList","decl":{"start":{"line":23,"column":15},"end":{"line":23,"column":34}},"loc":{"start":{"line":23,"column":15},"end":{"line":23,"column":34}},"line":23},"3":{"name":"selectItemsArr","decl":{"start":{"line":27,"column":30},"end":{"line":28,"column":34}},"loc":{"start":{"line":27,"column":30},"end":{"line":28,"column":34}},"line":27}},"f":{"0":2,"1":1,"2":0,"3":159}}
}
